<?xml version="1.0" encoding="UTF-8"?>
<testsuite name="com.choucair.features.startsharp.StartSharp" tests="1" skipped="0" failures="0" errors="0" timestamp="2022-09-30T20:37:46" hostname="MPC-5CD012CZ0B" time="99.365">
  <properties/>
  <testcase name="should_MeetingAndOrganizationBeCreated_When_SubmitTheCompleteRegistrationData" classname="com.choucair.features.startsharp.StartSharp" time="99.365"/>
  <system-out><![CDATA[15:37:46.876 [Test worker] INFO  - 

-------------------------------------------------------------------------------------
     _______. _______ .______       _______ .__   __.  __  .___________.____    ____ 
    /       ||   ____||   _  \     |   ____||  \ |  | |  | |           |\   \  /   / 
   |   (----`|  |__   |  |_)  |    |  |__   |   \|  | |  | `---|  |----` \   \/   /  
    \   \    |   __|  |      /     |   __|  |  . `  | |  |     |  |       \_    _/   
.----)   |   |  |____ |  |\  \----.|  |____ |  |\   | |  |     |  |         |  |     
|_______/    |_______|| _| `._____||_______||__| \__| |__|     |__|         |__|    
                                                                                     
 News and tutorials at http://www.serenity-bdd.info                                  
 Documentation at https://wakaleo.gitbooks.io/the-serenity-book/content/             
 Join the Serenity Community on Gitter: https://gitter.im/serenity-bdd/serenity-core 
 Serenity BDD Support and Training at http://serenity-bdd.info/#/trainingandsupport  
-------------------------------------------------------------------------------------

15:37:46.959 [Test worker] DEBUG net.thucydides.core.steps.StepEventBus - Test suite started for class com.choucair.features.startsharp.StartSharp
15:37:46.967 [Test worker] INFO  - Test Suite Started: Start sharp
15:37:46.997 [Test worker] INFO  - 
  _____   ___   ___   _____     ___   _____     _     ___   _____   ___   ___  
 |_   _| | __| / __| |_   _|   / __| |_   _|   /_\   | _ \ |_   _| | __| |   \ 
   | |   | _|  \__ \   | |     \__ \   | |    / _ \  |   /   | |   | _|  | |) |
   |_|   |___| |___/   |_|     |___/   |_|   /_/ \_\ |_|_\   |_|   |___| |___/ 

should_MeetingAndOrganizationBeCreated_When_SubmitTheCompleteRegistrationData
--------------------------------------------------------------------------------
15:37:47.600 [Test worker] DEBUG net.thucydides.core.model.featuretags.StoryFileStrategy - Story name for startsharp => story:Startsharp/Start sharp
15:37:48.436 [Test worker] INFO net.serenitybdd.core.webdriver.driverproviders.ChromeDriverProvider - Using automatically driver download
15:37:49.925 [Test worker] DEBUG io.github.bonigarcia.wdm.cache.ResolutionCache - Resolution chrome=105 in cache (valid until 16:13:26 30/09/2022 COT)
15:37:49.937 [Test worker] DEBUG io.github.bonigarcia.wdm.cache.ResolutionCache - Resolution chrome105=105.0.5195.52 in cache (valid until 11:47:50 01/10/2022 COT)
15:37:49.940 [Test worker] INFO io.github.bonigarcia.wdm.WebDriverManager - Using chromedriver 105.0.5195.52 (resolved driver for Chrome 105)
15:37:49.985 [Test worker] DEBUG io.github.bonigarcia.wdm.WebDriverManager - Driver chromedriver 105.0.5195.52 found in cache
15:37:49.986 [Test worker] INFO io.github.bonigarcia.wdm.WebDriverManager - Exporting webdriver.chrome.driver as C:\Users\Administrador\.cache\selenium\chromedriver\win32\105.0.5195.52\chromedriver.exe
15:37:51.038 [Test worker] DEBUG net.thucydides.core.reflection.ClassFinder - Could not load class .com.choucair.conf.BaseConf
15:37:51.038 [Test worker] DEBUG net.thucydides.core.reflection.ClassFinder - Could not load class .com.choucair.data.factories.ActorFactory
15:37:51.039 [Test worker] DEBUG net.thucydides.core.reflection.ClassFinder - Could not load class .com.choucair.data.factories.DataFactory
15:37:51.039 [Test worker] DEBUG net.thucydides.core.reflection.ClassFinder - Could not load class .com.choucair.enums.ActorName
15:37:51.039 [Test worker] DEBUG net.thucydides.core.reflection.ClassFinder - Could not load class .com.choucair.exceptions.DataNotFoundException
15:37:51.039 [Test worker] DEBUG net.thucydides.core.reflection.ClassFinder - Could not load class .com.choucair.features.login.Login
15:37:51.039 [Test worker] DEBUG net.thucydides.core.reflection.ClassFinder - Could not load class .com.choucair.features.startsharp.StartSharp
15:37:51.039 [Test worker] DEBUG net.thucydides.core.reflection.ClassFinder - Could not load class .com.choucair.interactions.startsharp.AddBusinessUnit
15:37:51.039 [Test worker] DEBUG net.thucydides.core.reflection.ClassFinder - Could not load class .com.choucair.interactions.startsharp.AddMeeting
15:37:51.039 [Test worker] DEBUG net.thucydides.core.reflection.ClassFinder - Could not load class .com.choucair.models.actor.ChoucairActor
15:37:51.039 [Test worker] DEBUG net.thucydides.core.reflection.ClassFinder - Could not load class .com.choucair.models.actor.Company
15:37:51.040 [Test worker] DEBUG net.thucydides.core.reflection.ClassFinder - Could not load class .com.choucair.models.actor.Credentials
15:37:51.040 [Test worker] DEBUG net.thucydides.core.reflection.ClassFinder - Could not load class .com.choucair.models.purchase.DataStartSharp
15:37:51.040 [Test worker] DEBUG net.thucydides.core.reflection.ClassFinder - Could not load class .com.choucair.tasks.Refresh
15:37:51.040 [Test worker] DEBUG net.thucydides.core.reflection.ClassFinder - Could not load class .com.choucair.tasks.login.LoginWith
15:37:51.040 [Test worker] DEBUG net.thucydides.core.reflection.ClassFinder - Could not load class .com.choucair.tasks.navigate.NavigateTo
15:37:51.040 [Test worker] DEBUG net.thucydides.core.reflection.ClassFinder - Could not load class .com.choucair.tasks.navigate.NavigateToCreate
15:37:51.040 [Test worker] DEBUG net.thucydides.core.reflection.ClassFinder - Could not load class .com.choucair.tasks.startsharp.CreateNewBusinessUnit
15:37:51.040 [Test worker] DEBUG net.thucydides.core.reflection.ClassFinder - Could not load class .com.choucair.tasks.startsharp.CreateNewMeeting
15:37:51.041 [Test worker] DEBUG net.thucydides.core.reflection.ClassFinder - Could not load class .com.choucair.ui.components.Chat
15:37:51.041 [Test worker] DEBUG net.thucydides.core.reflection.ClassFinder - Could not load class .com.choucair.ui.components.Menu.Menu
15:37:51.041 [Test worker] DEBUG net.thucydides.core.reflection.ClassFinder - Could not load class .com.choucair.ui.components.ModalMessage
15:37:51.041 [Test worker] DEBUG net.thucydides.core.reflection.ClassFinder - Could not load class .com.choucair.ui.components.Settings
15:37:51.041 [Test worker] DEBUG net.thucydides.core.reflection.ClassFinder - Could not load class .com.choucair.ui.components.UserMenu
15:37:51.042 [Test worker] DEBUG net.thucydides.core.reflection.ClassFinder - Could not load class .com.choucair.ui.components.header.CreateMenu
15:37:51.042 [Test worker] DEBUG net.thucydides.core.reflection.ClassFinder - Could not load class .com.choucair.ui.login.LoginPage
15:37:51.042 [Test worker] DEBUG net.thucydides.core.reflection.ClassFinder - Could not load class .com.choucair.ui.startsharp.CreateNewBusinessUnitPage
15:37:51.042 [Test worker] DEBUG net.thucydides.core.reflection.ClassFinder - Could not load class .com.choucair.ui.startsharp.CreateNewMeetingPage
15:37:51.042 [Test worker] DEBUG net.thucydides.core.reflection.ClassFinder - Could not load class .com.choucair.ui.startsharp.preview.DetailMeetingPreview
15:37:51.043 [Test worker] DEBUG net.thucydides.core.reflection.ClassFinder - Could not load class .com.choucair.util.GetEnvironment
15:37:51.043 [Test worker] DEBUG net.thucydides.core.reflection.ClassFinder - Could not load class .com.choucair.util.GetRandomNumber
15:37:51.044 [Test worker] DEBUG net.thucydides.core.reflection.ClassFinder - Could not load class META-INF.versions.9.com.sun.istack.logging.StackHelper
15:37:51.045 [Test worker] DEBUG net.thucydides.core.reflection.ClassFinder - Could not load class META-INF.versions.9.com.sun.xml.bind.v2.runtime.reflect.opt.AccessorInjector
15:37:51.045 [Test worker] DEBUG net.thucydides.core.reflection.ClassFinder - Could not load class META-INF.versions.9.com.sun.xml.bind.v2.runtime.reflect.opt.Injector
15:37:51.046 [Test worker] DEBUG net.thucydides.core.reflection.ClassFinder - Could not load class META-INF.versions.9.com.sun.xml.bind.v2.runtime.reflect.opt.OptimizedAccessorFactory
15:37:51.046 [Test worker] DEBUG net.thucydides.core.reflection.ClassFinder - Could not load class META-INF.versions.9.com.sun.xml.bind.v2.runtime.reflect.opt.OptimizedTransducedAccessorFactory
15:37:51.047 [Test worker] DEBUG net.thucydides.core.reflection.ClassFinder - Could not load class META-INF.versions.9.io.opentelemetry.sdk.internal.CurrentJavaVersionSpecific
15:37:51.048 [Test worker] DEBUG net.thucydides.core.reflection.ClassFinder - Could not load class META-INF.versions.9.io.opentelemetry.sdk.internal.Java9VersionSpecific
15:37:51.049 [Test worker] DEBUG net.thucydides.core.reflection.ClassFinder - Could not load class META-INF.versions.9.javax.xml.bind.ModuleUtil
15:37:51.049 [Test worker] DEBUG net.thucydides.core.reflection.ClassFinder - Could not load class META-INF.versions.9.module-info
15:37:51.050 [Test worker] DEBUG net.thucydides.core.reflection.ClassFinder - Could not load class META-INF.versions.9.org.apache.logging.log4j.util.Base64Util
15:37:51.050 [Test worker] DEBUG net.thucydides.core.reflection.ClassFinder - Could not load class META-INF.versions.9.org.apache.logging.log4j.util.ProcessIdUtil
15:37:51.051 [Test worker] DEBUG net.thucydides.core.reflection.ClassFinder - Could not load class META-INF.versions.9.org.apache.logging.log4j.util.StackLocator
15:37:51.052 [Test worker] DEBUG net.thucydides.core.reflection.ClassFinder - Could not load class META-INF.versions.9.org.apache.logging.log4j.util.internal.DefaultObjectInputFilter
15:37:51.052 [Test worker] DEBUG net.thucydides.core.reflection.ClassFinder - Could not load class META-INF.versions.9.org.apache.xmlbeans.impl.tool.MavenPluginResolver
15:37:51.053 [Test worker] DEBUG net.thucydides.core.reflection.ClassFinder - Could not load class META-INF.versions.9.org.junit.platform.commons.util.ModuleUtils
15:37:51.545 [Test worker] DEBUG net.thucydides.core.reflection.ClassFinder - Could not load class com.google.gson.internal.
15:37:51.864 [Test worker] DEBUG net.thucydides.core.reflection.ClassFinder - Could not load class com.microsoft.schemas.office.office.STOLEUpdateMode
15:37:51.864 [Test worker] DEBUG net.thucydides.core.reflection.ClassFinder - Could not load class com.microsoft.schemas.office.office.STScreenSize
15:37:51.909 [Test worker] DEBUG net.thucydides.core.reflection.ClassFinder - Could not load class com.microsoft.schemas.office.visio.x2012.main.SheetType
15:37:51.916 [Test worker] DEBUG net.thucydides.core.reflection.ClassFinder - Could not load class com.microsoft.schemas.office.visio.x2012.main.TriggerType
15:37:51.952 [Test worker] DEBUG net.thucydides.core.reflection.ClassFinder - Could not load class com.microsoft.schemas.office.word.STHorizontalAnchor
15:37:51.953 [Test worker] DEBUG net.thucydides.core.reflection.ClassFinder - Could not load class com.microsoft.schemas.office.word.STVerticalAnchor
15:37:51.954 [Test worker] DEBUG net.thucydides.core.reflection.ClassFinder - Could not load class com.microsoft.schemas.office.word.STWrapSide
15:37:52.041 [Test worker] DEBUG net.thucydides.core.reflection.ClassFinder - Could not load class com.microsoft.schemas.vml.STImageAspect
15:37:52.047 [Test worker] DEBUG net.thucydides.core.reflection.ClassFinder - Could not load class com.microsoft.schemas.vml.STStrokeArrowLength
15:37:52.051 [Test worker] DEBUG net.thucydides.core.reflection.ClassFinder - Could not load class com.microsoft.schemas.vml.STStrokeArrowWidth
15:37:52.051 [Test worker] DEBUG net.thucydides.core.reflection.ClassFinder - Could not load class com.microsoft.schemas.vml.STStrokeEndCap
15:37:52.054 [Test worker] DEBUG net.thucydides.core.reflection.ClassFinder - Could not load class com.microsoft.schemas.vml.STStrokeLineStyle
15:37:52.260 [Test worker] DEBUG net.thucydides.core.reflection.ClassFinder - Could not load class com.sun.xml.bind.v2.runtime.output.FastInfosetStreamWriterOutput
15:37:52.638 [Test worker] DEBUG net.thucydides.core.reflection.ClassFinder - Could not load class module-info
15:37:52.872 [Test worker] DEBUG net.thucydides.core.reflection.ClassFinder - Could not load class org.apache.logging.log4j.util.Activator
15:37:54.154 [Test worker] DEBUG net.thucydides.core.reflection.ClassFinder - Could not load class org.apache.poi.xslf.draw.SVGImageRenderer
15:37:54.155 [Test worker] DEBUG net.thucydides.core.reflection.ClassFinder - Could not load class org.apache.poi.xslf.draw.SVGPOIGraphics2D
15:37:54.156 [Test worker] DEBUG net.thucydides.core.reflection.ClassFinder - Could not load class org.apache.poi.xslf.draw.SVGRenderExtension
15:37:54.157 [Test worker] DEBUG net.thucydides.core.reflection.ClassFinder - Could not load class org.apache.poi.xslf.draw.SVGUserAgent
15:37:54.218 [Test worker] DEBUG net.thucydides.core.reflection.ClassFinder - Could not load class org.apache.poi.xslf.util.SVGFormat
15:37:54.691 [Test worker] DEBUG net.thucydides.core.reflection.ClassFinder - Could not load class org.apache.xmlbeans.impl.schema.TypeSystemHolder
15:37:54.732 [Test worker] DEBUG net.thucydides.core.reflection.ClassFinder - Could not load class org.apache.xmlbeans.impl.tool.MavenPlugin
15:37:54.734 [Test worker] DEBUG net.thucydides.core.reflection.ClassFinder - Could not load class org.apache.xmlbeans.impl.tool.MavenPluginHelp
15:37:54.748 [Test worker] DEBUG net.thucydides.core.reflection.ClassFinder - Could not load class org.apache.xmlbeans.impl.tool.XMLBean
15:37:54.982 [Test worker] DEBUG net.thucydides.core.reflection.ClassFinder - Could not load class org.apache.xmlbeans.impl.xpath.saxon.SaxonXPath
15:37:54.984 [Test worker] DEBUG net.thucydides.core.reflection.ClassFinder - Could not load class org.apache.xmlbeans.impl.xpath.saxon.SaxonXQuery
15:37:57.815 [Test worker] DEBUG net.thucydides.core.reflection.ClassFinder - Could not load class org.etsi.uri.x01903.v13.GenericTimeStampType
15:37:57.820 [Test worker] DEBUG net.thucydides.core.reflection.ClassFinder - Could not load class org.etsi.uri.x01903.v13.QualifierType
15:37:58.851 [Test worker] DEBUG io.netty.util.internal.logging.InternalLoggerFactory - Using SLF4J as the default logging framework
15:37:58.856 [Test worker] DEBUG io.netty.util.ResourceLeakDetector - -Dio.netty.leakDetection.level: simple
15:37:58.856 [Test worker] DEBUG io.netty.util.ResourceLeakDetector - -Dio.netty.leakDetection.targetRecords: 4
15:37:58.863 [Test worker] DEBUG io.netty.util.ResourceLeakDetectorFactory - Loaded default ResourceLeakDetector: io.netty.util.ResourceLeakDetector@5bf5a339
15:37:58.886 [Test worker] DEBUG io.netty.util.internal.PlatformDependent0 - -Dio.netty.noUnsafe: false
15:37:58.886 [Test worker] DEBUG io.netty.util.internal.PlatformDependent0 - Java version: 11
15:37:58.887 [Test worker] DEBUG io.netty.util.internal.PlatformDependent0 - sun.misc.Unsafe.theUnsafe: available
15:37:58.888 [Test worker] DEBUG io.netty.util.internal.PlatformDependent0 - sun.misc.Unsafe.copyMemory: available
15:37:58.889 [Test worker] DEBUG io.netty.util.internal.PlatformDependent0 - java.nio.Buffer.address: available
15:37:58.890 [Test worker] DEBUG io.netty.util.internal.PlatformDependent0 - direct buffer constructor: unavailable: Reflective setAccessible(true) disabled
15:37:58.890 [Test worker] DEBUG io.netty.util.internal.PlatformDependent0 - java.nio.Bits.unaligned: available, true
15:37:58.892 [Test worker] DEBUG io.netty.util.internal.PlatformDependent0 - jdk.internal.misc.Unsafe.allocateUninitializedArray(int): unavailable: class io.netty.util.internal.PlatformDependent0$6 cannot access class jdk.internal.misc.Unsafe (in module java.base) because module java.base does not export jdk.internal.misc to unnamed module @7c2b5021
15:37:58.893 [Test worker] DEBUG io.netty.util.internal.PlatformDependent0 - java.nio.DirectByteBuffer.<init>(long, int): unavailable
15:37:58.894 [Test worker] DEBUG io.netty.util.internal.PlatformDependent - sun.misc.Unsafe: available
15:37:58.896 [Test worker] DEBUG io.netty.util.internal.PlatformDependent - maxDirectMemory: 536870912 bytes (maybe)
15:37:58.897 [Test worker] DEBUG io.netty.util.internal.PlatformDependent - -Dio.netty.tmpdir: C:\Users\ADMINI~1\AppData\Local\Temp (java.io.tmpdir)
15:37:58.897 [Test worker] DEBUG io.netty.util.internal.PlatformDependent - -Dio.netty.bitMode: 64 (sun.arch.data.model)
15:37:58.897 [Test worker] DEBUG io.netty.util.internal.PlatformDependent - Platform: Windows
15:37:58.898 [Test worker] DEBUG io.netty.util.internal.PlatformDependent - -Dio.netty.maxDirectMemory: -1 bytes
15:37:58.899 [Test worker] DEBUG io.netty.util.internal.PlatformDependent - -Dio.netty.uninitializedArrayAllocationThreshold: -1
15:37:58.900 [Test worker] DEBUG io.netty.util.internal.CleanerJava9 - java.nio.ByteBuffer.cleaner(): available
15:37:58.900 [Test worker] DEBUG io.netty.util.internal.PlatformDependent - -Dio.netty.noPreferDirect: false
15:37:58.916 [Test worker] DEBUG io.netty.util.internal.PlatformDependent - org.jctools-core.MpscChunkedArrayQueue: available
15:37:58.940 [Test worker] DEBUG io.netty.util.internal.InternalThreadLocalMap - -Dio.netty.threadLocalMap.stringBuilder.initialSize: 1024
15:37:58.940 [Test worker] DEBUG io.netty.util.internal.InternalThreadLocalMap - -Dio.netty.threadLocalMap.stringBuilder.maxSize: 4096
15:37:58.973 [Test worker] DEBUG io.netty.handler.ssl.JdkSslContext - Default protocols (JDK): [TLSv1.3, TLSv1.2] 
15:37:58.973 [Test worker] DEBUG io.netty.handler.ssl.JdkSslContext - Default cipher suites (JDK): [TLS_ECDHE_ECDSA_WITH_AES_256_GCM_SHA384, TLS_ECDHE_ECDSA_WITH_AES_128_GCM_SHA256, TLS_ECDHE_RSA_WITH_AES_128_GCM_SHA256, TLS_ECDHE_RSA_WITH_AES_256_GCM_SHA384, TLS_ECDHE_RSA_WITH_AES_128_CBC_SHA, TLS_ECDHE_RSA_WITH_AES_256_CBC_SHA, TLS_RSA_WITH_AES_128_GCM_SHA256, TLS_RSA_WITH_AES_128_CBC_SHA, TLS_RSA_WITH_AES_256_CBC_SHA, TLS_AES_128_GCM_SHA256, TLS_AES_256_GCM_SHA384]
15:37:59.010 [Test worker] DEBUG io.netty.channel.MultithreadEventLoopGroup - -Dio.netty.eventLoopThreads: 16
15:37:59.019 [Test worker] DEBUG io.netty.channel.nio.NioEventLoop - -Dio.netty.noKeySetOptimization: false
15:37:59.019 [Test worker] DEBUG io.netty.channel.nio.NioEventLoop - -Dio.netty.selectorAutoRebuildThreshold: 512
15:37:59.061 [Test worker] DEBUG io.netty.buffer.PooledByteBufAllocator - -Dio.netty.allocator.numHeapArenas: 1
15:37:59.061 [Test worker] DEBUG io.netty.buffer.PooledByteBufAllocator - -Dio.netty.allocator.numDirectArenas: 1
15:37:59.061 [Test worker] DEBUG io.netty.buffer.PooledByteBufAllocator - -Dio.netty.allocator.pageSize: 8192
15:37:59.061 [Test worker] DEBUG io.netty.buffer.PooledByteBufAllocator - -Dio.netty.allocator.maxOrder: 9
15:37:59.061 [Test worker] DEBUG io.netty.buffer.PooledByteBufAllocator - -Dio.netty.allocator.chunkSize: 4194304
15:37:59.061 [Test worker] DEBUG io.netty.buffer.PooledByteBufAllocator - -Dio.netty.allocator.smallCacheSize: 256
15:37:59.062 [Test worker] DEBUG io.netty.buffer.PooledByteBufAllocator - -Dio.netty.allocator.normalCacheSize: 64
15:37:59.062 [Test worker] DEBUG io.netty.buffer.PooledByteBufAllocator - -Dio.netty.allocator.maxCachedBufferCapacity: 32768
15:37:59.062 [Test worker] DEBUG io.netty.buffer.PooledByteBufAllocator - -Dio.netty.allocator.cacheTrimInterval: 8192
15:37:59.062 [Test worker] DEBUG io.netty.buffer.PooledByteBufAllocator - -Dio.netty.allocator.cacheTrimIntervalMillis: 600000
15:37:59.062 [Test worker] DEBUG io.netty.buffer.PooledByteBufAllocator - -Dio.netty.allocator.useCacheForAllThreads: false
15:37:59.062 [Test worker] DEBUG io.netty.buffer.PooledByteBufAllocator - -Dio.netty.allocator.maxCachedByteBuffersPerChunk: 1023
15:37:59.074 [Test worker] DEBUG io.netty.buffer.ByteBufUtil - -Dio.netty.allocator.type: pooled
15:37:59.074 [Test worker] DEBUG io.netty.buffer.ByteBufUtil - -Dio.netty.threadLocalDirectBufferSize: 0
15:37:59.075 [Test worker] DEBUG io.netty.buffer.ByteBufUtil - -Dio.netty.maxThreadLocalCharBufferSize: 16384
15:37:59.257 [Test worker] DEBUG net.thucydides.core.reflection.ClassFinder - Could not load class org.openxmlformats.schemas.drawingml.x2006.chart.CTSerAx
15:37:59.277 [Test worker] DEBUG net.thucydides.core.reflection.ClassFinder - Could not load class org.openxmlformats.schemas.drawingml.x2006.chart.STDepthPercentUShort
15:37:59.278 [Test worker] DEBUG net.thucydides.core.reflection.ClassFinder - Could not load class org.openxmlformats.schemas.drawingml.x2006.chart.STDepthPercentWithSymbol
15:37:59.283 [Test worker] DEBUG net.thucydides.core.reflection.ClassFinder - Could not load class org.openxmlformats.schemas.drawingml.x2006.chart.STHPercentUShort
15:37:59.284 [Test worker] DEBUG net.thucydides.core.reflection.ClassFinder - Could not load class org.openxmlformats.schemas.drawingml.x2006.chart.STHPercentWithSymbol
15:37:59.286 [Test worker] DEBUG net.thucydides.core.reflection.ClassFinder - Could not load class org.openxmlformats.schemas.drawingml.x2006.chart.STHoleSizePercent
15:37:59.287 [Test worker] DEBUG net.thucydides.core.reflection.ClassFinder - Could not load class org.openxmlformats.schemas.drawingml.x2006.chart.STHoleSizeUByte
15:37:59.293 [Test worker] DEBUG net.thucydides.core.reflection.ClassFinder - Could not load class org.openxmlformats.schemas.drawingml.x2006.chart.STOverlapByte
15:37:59.294 [Test worker] DEBUG net.thucydides.core.reflection.ClassFinder - Could not load class org.openxmlformats.schemas.drawingml.x2006.chart.STOverlapPercent
15:37:59.295 [Test worker] DEBUG net.thucydides.core.reflection.ClassFinder - Could not load class org.openxmlformats.schemas.drawingml.x2006.chart.STPageSetupOrientation
15:37:59.431 [Test worker] DEBUG net.thucydides.core.reflection.ClassFinder - Could not load class org.openxmlformats.schemas.drawingml.x2006.main.CTGroupFillProperties
15:37:59.455 [Test worker] DEBUG net.thucydides.core.reflection.ClassFinder - Could not load class org.openxmlformats.schemas.drawingml.x2006.main.CTPath2DQuadBezierTo
15:37:59.527 [Test worker] DEBUG net.thucydides.core.reflection.ClassFinder - Could not load class org.openxmlformats.schemas.drawingml.x2006.main.STEffectContainerType
15:37:59.541 [Test worker] DEBUG net.thucydides.core.reflection.ClassFinder - Could not load class org.openxmlformats.schemas.drawingml.x2006.main.STPresetMaterialType
15:37:59.732 [Test worker] DEBUG net.thucydides.core.reflection.ClassFinder - Could not load class org.openxmlformats.schemas.drawingml.x2006.wordprocessingDrawing.STAlignH
15:37:59.733 [Test worker] DEBUG net.thucydides.core.reflection.ClassFinder - Could not load class org.openxmlformats.schemas.drawingml.x2006.wordprocessingDrawing.STAlignV
15:37:59.753 [Test worker] DEBUG net.thucydides.core.reflection.ClassFinder - Could not load class org.openxmlformats.schemas.officeDocument.x2006.docPropsVTypes.STVectorBaseType
15:37:59.819 [Test worker] DEBUG net.thucydides.core.reflection.ClassFinder - Could not load class org.openxmlformats.schemas.officeDocument.x2006.sharedTypes.STConformanceClass
15:37:59.891 [Test worker] DEBUG net.thucydides.core.reflection.ClassFinder - Could not load class org.openxmlformats.schemas.presentationml.x2006.main.STDirection
15:37:59.904 [Test worker] DEBUG net.thucydides.core.reflection.ClassFinder - Could not load class org.openxmlformats.schemas.presentationml.x2006.main.STTLTimeNodeMasterRelation
15:37:59.904 [Test worker] DEBUG net.thucydides.core.reflection.ClassFinder - Could not load class org.openxmlformats.schemas.presentationml.x2006.main.STTLTimeNodePresetClassType
15:37:59.906 [Test worker] DEBUG net.thucydides.core.reflection.ClassFinder - Could not load class org.openxmlformats.schemas.presentationml.x2006.main.STTLTimeNodeSyncType
15:37:59.908 [Test worker] DEBUG net.thucydides.core.reflection.ClassFinder - Could not load class org.openxmlformats.schemas.presentationml.x2006.main.STTLTriggerEvent
15:38:00.141 [Test worker] DEBUG net.thucydides.core.reflection.ClassFinder - Could not load class org.openxmlformats.schemas.spreadsheetml.x2006.main.STComments
15:38:00.146 [Test worker] DEBUG net.thucydides.core.reflection.ClassFinder - Could not load class org.openxmlformats.schemas.spreadsheetml.x2006.main.STDataValidationImeMode
15:38:00.150 [Test worker] DEBUG net.thucydides.core.reflection.ClassFinder - Could not load class org.openxmlformats.schemas.spreadsheetml.x2006.main.STFieldSortType
15:38:00.162 [Test worker] DEBUG net.thucydides.core.reflection.ClassFinder - Could not load class org.openxmlformats.schemas.spreadsheetml.x2006.main.STOleUpdate
15:38:00.168 [Test worker] DEBUG net.thucydides.core.reflection.ClassFinder - Could not load class org.openxmlformats.schemas.spreadsheetml.x2006.main.STPhoneticAlignment
15:38:00.174 [Test worker] DEBUG net.thucydides.core.reflection.ClassFinder - Could not load class org.openxmlformats.schemas.spreadsheetml.x2006.main.STShowDataAs
15:38:00.175 [Test worker] DEBUG net.thucydides.core.reflection.ClassFinder - Could not load class org.openxmlformats.schemas.spreadsheetml.x2006.main.STSortBy
15:38:00.176 [Test worker] DEBUG net.thucydides.core.reflection.ClassFinder - Could not load class org.openxmlformats.schemas.spreadsheetml.x2006.main.STSortMethod
15:38:00.181 [Test worker] DEBUG net.thucydides.core.reflection.ClassFinder - Could not load class org.openxmlformats.schemas.spreadsheetml.x2006.main.STTableType
15:38:00.181 [Test worker] DEBUG net.thucydides.core.reflection.ClassFinder - Could not load class org.openxmlformats.schemas.spreadsheetml.x2006.main.STTargetScreenSize
15:38:00.184 [Test worker] DEBUG net.thucydides.core.reflection.ClassFinder - Could not load class org.openxmlformats.schemas.spreadsheetml.x2006.main.STTotalsRowFunction
15:38:00.389 [Test worker] DEBUG net.thucydides.core.reflection.ClassFinder - Could not load class org.openxmlformats.schemas.wordprocessingml.x2006.main.CTBookmarkRange
15:38:00.428 [Test worker] DEBUG net.thucydides.core.reflection.ClassFinder - Could not load class org.openxmlformats.schemas.wordprocessingml.x2006.main.CTDocumentBase
15:38:00.495 [Test worker] DEBUG net.thucydides.core.reflection.ClassFinder - Could not load class org.openxmlformats.schemas.wordprocessingml.x2006.main.CTPPrBase
15:38:00.579 [Test worker] DEBUG net.thucydides.core.reflection.ClassFinder - Could not load class org.openxmlformats.schemas.wordprocessingml.x2006.main.CTTblGridBase
15:38:00.586 [Test worker] DEBUG net.thucydides.core.reflection.ClassFinder - Could not load class org.openxmlformats.schemas.wordprocessingml.x2006.main.CTTblPrBase
15:38:00.588 [Test worker] DEBUG net.thucydides.core.reflection.ClassFinder - Could not load class org.openxmlformats.schemas.wordprocessingml.x2006.main.CTTblPrExBase
15:38:00.596 [Test worker] DEBUG net.thucydides.core.reflection.ClassFinder - Could not load class org.openxmlformats.schemas.wordprocessingml.x2006.main.CTTcPrBase
15:38:00.597 [Test worker] DEBUG net.thucydides.core.reflection.ClassFinder - Could not load class org.openxmlformats.schemas.wordprocessingml.x2006.main.CTTcPrInner
15:38:00.606 [Test worker] DEBUG net.thucydides.core.reflection.ClassFinder - Could not load class org.openxmlformats.schemas.wordprocessingml.x2006.main.CTTrPrBase
15:38:00.629 [Test worker] DEBUG net.thucydides.core.reflection.ClassFinder - Could not load class org.openxmlformats.schemas.wordprocessingml.x2006.main.STChapterSep
15:38:00.639 [Test worker] DEBUG net.thucydides.core.reflection.ClassFinder - Could not load class org.openxmlformats.schemas.wordprocessingml.x2006.main.STDropCap
15:38:00.663 [Test worker] DEBUG net.thucydides.core.reflection.ClassFinder - Could not load class org.openxmlformats.schemas.wordprocessingml.x2006.main.STPTabAlignment
15:38:00.663 [Test worker] DEBUG net.thucydides.core.reflection.ClassFinder - Could not load class org.openxmlformats.schemas.wordprocessingml.x2006.main.STPTabLeader
15:38:00.664 [Test worker] DEBUG net.thucydides.core.reflection.ClassFinder - Could not load class org.openxmlformats.schemas.wordprocessingml.x2006.main.STPTabRelativeTo
15:38:00.666 [Test worker] DEBUG net.thucydides.core.reflection.ClassFinder - Could not load class org.openxmlformats.schemas.wordprocessingml.x2006.main.STPageBorderZOrder
15:38:00.697 [Test worker] DEBUG net.thucydides.core.reflection.ClassFinder - Could not load class org.openxmlformats.schemas.wordprocessingml.x2006.main.STZoom
15:38:01.089 [Test worker] DEBUG net.serenitybdd.core.webdriver.driverproviders.ProvideNewDriver - Instantiating driver
15:38:01.089 [Test worker] DEBUG net.serenitybdd.core.webdriver.driverproviders.ProvideNewDriver - Driver capabilities: Capabilities {acceptInsecureCerts: false, autodownload: true, base.url: https://serenity.is/demo/, browserName: chrome, driver: chrome, goog:chromeOptions: {args: [--start-maximized, --test-type, --no-sandbox, --ignore-certificate-errors, \r\n                   --di..., --disable-default-apps, --disable-extensions-file-a..., \r\n                   --in..., --disable-infobars,--disabl...], extensions: []}, timeouts.fluentwait: 10000, timeouts.implicitlywait: 45000}
15:38:01.875 [Forwarding newSession on session null to remote] DEBUG io.netty.channel.DefaultChannelId - -Dio.netty.processId: 2181 (user-set)
15:38:01.876 [Forwarding newSession on session null to remote] DEBUG io.netty.channel.DefaultChannelId - -Dio.netty.machineId: 28:f0:76:ff:fe:16:65:0e (user-set)
15:38:01.963 [AsyncHttpClient-1-2] DEBUG io.netty.buffer.AbstractByteBuf - -Dio.netty.buffer.checkAccessible: true
15:38:01.963 [AsyncHttpClient-1-2] DEBUG io.netty.buffer.AbstractByteBuf - -Dio.netty.buffer.checkBounds: true
15:38:01.963 [AsyncHttpClient-1-2] DEBUG io.netty.util.ResourceLeakDetectorFactory - Loaded default ResourceLeakDetector: io.netty.util.ResourceLeakDetector@241de70c
15:38:01.978 [AsyncHttpClient-1-2] DEBUG org.asynchttpclient.netty.channel.NettyConnectListener - Using new Channel '[id: 0xee7d4684, L:/127.0.0.1:59971 - R:localhost/127.0.0.1:58509]' for 'POST' to '/session'
15:38:02.000 [AsyncHttpClient-1-2] DEBUG io.netty.util.Recycler - -Dio.netty.recycler.maxCapacityPerThread: 4096
15:38:02.000 [AsyncHttpClient-1-2] DEBUG io.netty.util.Recycler - -Dio.netty.recycler.ratio: 8
15:38:02.000 [AsyncHttpClient-1-2] DEBUG io.netty.util.Recycler - -Dio.netty.recycler.chunkSize: 32
15:38:02.000 [AsyncHttpClient-1-2] DEBUG io.netty.util.Recycler - -Dio.netty.recycler.blocking: false
15:38:02.583 [AsyncHttpClient-1-2] DEBUG io.netty.handler.codec.compression.Brotli - brotli4j not in the classpath; Brotli support will be unavailable.
15:38:02.583 [AsyncHttpClient-1-2] DEBUG org.asynchttpclient.netty.handler.HttpHandler - 

Request DefaultHttpRequest(decodeResult: success, version: HTTP/1.1)
POST /session HTTP/1.1
User-Agent: selenium/4.1.4 (java windows)
Content-Length: 1362
Content-Type: application/json; charset=utf-8
host: localhost:58509
accept: */*

Response DefaultHttpResponse(decodeResult: success, version: HTTP/1.1)
HTTP/1.1 200 OK
Content-Type: application/json; charset=utf-8
cache-control: no-cache
content-length: 794

15:38:02.591 [AsyncHttpClient-1-2] DEBUG org.asynchttpclient.netty.channel.ChannelManager - Adding key: http://localhost:58509 for channel [id: 0xee7d4684, L:/127.0.0.1:59971 - R:localhost/127.0.0.1:58509]
15:38:02.653 [AsyncHttpClient-1-3] DEBUG org.asynchttpclient.netty.channel.NettyConnectListener - Using new Channel '[id: 0xd3c2d013, L:/127.0.0.1:59979 - R:localhost/127.0.0.1:59972]' for 'GET' to '/json/version'
15:38:02.656 [AsyncHttpClient-1-3] DEBUG org.asynchttpclient.netty.handler.HttpHandler - 

Request DefaultFullHttpRequest(decodeResult: success, version: HTTP/1.1, content: EmptyByteBufBE)
GET /json/version HTTP/1.1
User-Agent: selenium/4.1.4 (java windows)
host: localhost:59972
accept: */*

Response DefaultHttpResponse(decodeResult: success, version: HTTP/1.1)
HTTP/1.1 200 OK
Content-Type: application/json; charset=UTF-8
content-length: 423

15:38:02.656 [AsyncHttpClient-1-3] DEBUG org.asynchttpclient.netty.channel.ChannelManager - Adding key: http://localhost:59972 for channel [id: 0xd3c2d013, L:/127.0.0.1:59979 - R:localhost/127.0.0.1:59972]
15:38:02.664 [Test worker] DEBUG io.netty.util.internal.ThreadLocalRandom - -Dio.netty.initialSeedUniquifier: 0x1fb0774a0e671b13
15:38:02.668 [AsyncHttpClient-1-4] DEBUG org.asynchttpclient.netty.channel.NettyConnectListener - Using new Channel '[id: 0x146a9213, L:/127.0.0.1:59980 - R:localhost/127.0.0.1:59972]' for 'GET' to '/devtools/browser/373be6e0-a3fe-4d70-b26d-86339de9ceb7'
15:38:02.669 [AsyncHttpClient-1-4] DEBUG org.asynchttpclient.netty.handler.WebSocketHandler - 

Request DefaultFullHttpRequest(decodeResult: success, version: HTTP/1.1, content: EmptyByteBufBE)
GET /devtools/browser/373be6e0-a3fe-4d70-b26d-86339de9ceb7 HTTP/1.1
upgrade: websocket
connection: upgrade
sec-websocket-key: lAP8H9Ktnp1jbB/qnKqKqw==
sec-websocket-version: 13
origin: http://localhost:59972
host: localhost:59972
accept: */*
user-agent: AHC/2.1

Response DefaultHttpResponse(decodeResult: success, version: HTTP/1.1)
HTTP/1.1 101 WebSocket Protocol Handshake
Upgrade: WebSocket
Connection: Upgrade
Sec-WebSocket-Accept: Mfyh53UUNU7wEsRJhUeh+8znpYs=

15:38:02.702 [Forwarding setTimeout on session 566657fccef467be2dbfb2d8d7b8db24 to remote] DEBUG org.asynchttpclient.netty.request.NettyRequestSender - Using pooled Channel '[id: 0xee7d4684, L:/127.0.0.1:59971 - R:localhost/127.0.0.1:58509]' for 'POST' to 'http://localhost:58509/session/566657fccef467be2dbfb2d8d7b8db24/timeouts'
15:38:02.702 [Forwarding setTimeout on session 566657fccef467be2dbfb2d8d7b8db24 to remote] DEBUG org.asynchttpclient.netty.request.NettyRequestSender - Using open Channel [id: 0xee7d4684, L:/127.0.0.1:59971 - R:localhost/127.0.0.1:58509] for POST '/session/566657fccef467be2dbfb2d8d7b8db24/timeouts'
15:38:02.705 [AsyncHttpClient-1-2] DEBUG org.asynchttpclient.netty.handler.HttpHandler - 

Request DefaultHttpRequest(decodeResult: success, version: HTTP/1.1)
POST /session/566657fccef467be2dbfb2d8d7b8db24/timeouts HTTP/1.1
User-Agent: selenium/4.1.4 (java windows)
Content-Length: 23
Content-Type: application/json; charset=utf-8
host: localhost:58509
accept: */*

Response DefaultHttpResponse(decodeResult: success, version: HTTP/1.1)
HTTP/1.1 200 OK
Content-Type: application/json; charset=utf-8
cache-control: no-cache
content-length: 14

15:38:02.706 [AsyncHttpClient-1-2] DEBUG org.asynchttpclient.netty.channel.ChannelManager - Adding key: http://localhost:58509 for channel [id: 0xee7d4684, L:/127.0.0.1:59971 - R:localhost/127.0.0.1:58509]
15:38:03.330 [AsyncHttpClient-1-1] DEBUG org.asynchttpclient.netty.channel.DefaultChannelPool - Entry count for : http://localhost:58509 : 1
15:38:03.330 [AsyncHttpClient-1-1] DEBUG org.asynchttpclient.netty.channel.DefaultChannelPool - Entry count for : http://localhost:59972 : 1
15:38:03.586 [Test worker] DEBUG net.thucydides.core.reflection.ClassFinder - Could not load class .com.choucair.conf.BaseConf
15:38:03.586 [Test worker] DEBUG net.thucydides.core.reflection.ClassFinder - Could not load class .com.choucair.data.factories.ActorFactory
15:38:03.586 [Test worker] DEBUG net.thucydides.core.reflection.ClassFinder - Could not load class .com.choucair.data.factories.DataFactory
15:38:03.586 [Test worker] DEBUG net.thucydides.core.reflection.ClassFinder - Could not load class .com.choucair.enums.ActorName
15:38:03.586 [Test worker] DEBUG net.thucydides.core.reflection.ClassFinder - Could not load class .com.choucair.exceptions.DataNotFoundException
15:38:03.586 [Test worker] DEBUG net.thucydides.core.reflection.ClassFinder - Could not load class .com.choucair.features.login.Login
15:38:03.586 [Test worker] DEBUG net.thucydides.core.reflection.ClassFinder - Could not load class .com.choucair.features.startsharp.StartSharp
15:38:03.586 [Test worker] DEBUG net.thucydides.core.reflection.ClassFinder - Could not load class .com.choucair.interactions.startsharp.AddBusinessUnit
15:38:03.586 [Test worker] DEBUG net.thucydides.core.reflection.ClassFinder - Could not load class .com.choucair.interactions.startsharp.AddMeeting
15:38:03.586 [Test worker] DEBUG net.thucydides.core.reflection.ClassFinder - Could not load class .com.choucair.models.actor.ChoucairActor
15:38:03.586 [Test worker] DEBUG net.thucydides.core.reflection.ClassFinder - Could not load class .com.choucair.models.actor.Company
15:38:03.587 [Test worker] DEBUG net.thucydides.core.reflection.ClassFinder - Could not load class .com.choucair.models.actor.Credentials
15:38:03.587 [Test worker] DEBUG net.thucydides.core.reflection.ClassFinder - Could not load class .com.choucair.models.purchase.DataStartSharp
15:38:03.587 [Test worker] DEBUG net.thucydides.core.reflection.ClassFinder - Could not load class .com.choucair.tasks.Refresh
15:38:03.587 [Test worker] DEBUG net.thucydides.core.reflection.ClassFinder - Could not load class .com.choucair.tasks.login.LoginWith
15:38:03.587 [Test worker] DEBUG net.thucydides.core.reflection.ClassFinder - Could not load class .com.choucair.tasks.navigate.NavigateTo
15:38:03.587 [Test worker] DEBUG net.thucydides.core.reflection.ClassFinder - Could not load class .com.choucair.tasks.navigate.NavigateToCreate
15:38:03.587 [Test worker] DEBUG net.thucydides.core.reflection.ClassFinder - Could not load class .com.choucair.tasks.startsharp.CreateNewBusinessUnit
15:38:03.587 [Test worker] DEBUG net.thucydides.core.reflection.ClassFinder - Could not load class .com.choucair.tasks.startsharp.CreateNewMeeting
15:38:03.587 [Test worker] DEBUG net.thucydides.core.reflection.ClassFinder - Could not load class .com.choucair.ui.components.Chat
15:38:03.587 [Test worker] DEBUG net.thucydides.core.reflection.ClassFinder - Could not load class .com.choucair.ui.components.Menu.Menu
15:38:03.588 [Test worker] DEBUG net.thucydides.core.reflection.ClassFinder - Could not load class .com.choucair.ui.components.ModalMessage
15:38:03.588 [Test worker] DEBUG net.thucydides.core.reflection.ClassFinder - Could not load class .com.choucair.ui.components.Settings
15:38:03.588 [Test worker] DEBUG net.thucydides.core.reflection.ClassFinder - Could not load class .com.choucair.ui.components.UserMenu
15:38:03.588 [Test worker] DEBUG net.thucydides.core.reflection.ClassFinder - Could not load class .com.choucair.ui.components.header.CreateMenu
15:38:03.588 [Test worker] DEBUG net.thucydides.core.reflection.ClassFinder - Could not load class .com.choucair.ui.login.LoginPage
15:38:03.588 [Test worker] DEBUG net.thucydides.core.reflection.ClassFinder - Could not load class .com.choucair.ui.startsharp.CreateNewBusinessUnitPage
15:38:03.588 [Test worker] DEBUG net.thucydides.core.reflection.ClassFinder - Could not load class .com.choucair.ui.startsharp.CreateNewMeetingPage
15:38:03.588 [Test worker] DEBUG net.thucydides.core.reflection.ClassFinder - Could not load class .com.choucair.ui.startsharp.preview.DetailMeetingPreview
15:38:03.588 [Test worker] DEBUG net.thucydides.core.reflection.ClassFinder - Could not load class .com.choucair.util.GetEnvironment
15:38:03.588 [Test worker] DEBUG net.thucydides.core.reflection.ClassFinder - Could not load class .com.choucair.util.GetRandomNumber
15:38:03.589 [Test worker] DEBUG net.thucydides.core.reflection.ClassFinder - Could not load class META-INF.versions.9.com.sun.istack.logging.StackHelper
15:38:03.589 [Test worker] DEBUG net.thucydides.core.reflection.ClassFinder - Could not load class META-INF.versions.9.com.sun.xml.bind.v2.runtime.reflect.opt.AccessorInjector
15:38:03.590 [Test worker] DEBUG net.thucydides.core.reflection.ClassFinder - Could not load class META-INF.versions.9.com.sun.xml.bind.v2.runtime.reflect.opt.Injector
15:38:03.590 [Test worker] DEBUG net.thucydides.core.reflection.ClassFinder - Could not load class META-INF.versions.9.com.sun.xml.bind.v2.runtime.reflect.opt.OptimizedAccessorFactory
15:38:03.591 [Test worker] DEBUG net.thucydides.core.reflection.ClassFinder - Could not load class META-INF.versions.9.com.sun.xml.bind.v2.runtime.reflect.opt.OptimizedTransducedAccessorFactory
15:38:03.591 [Test worker] DEBUG net.thucydides.core.reflection.ClassFinder - Could not load class META-INF.versions.9.io.opentelemetry.sdk.internal.CurrentJavaVersionSpecific
15:38:03.592 [Test worker] DEBUG net.thucydides.core.reflection.ClassFinder - Could not load class META-INF.versions.9.io.opentelemetry.sdk.internal.Java9VersionSpecific
15:38:03.592 [Test worker] DEBUG net.thucydides.core.reflection.ClassFinder - Could not load class META-INF.versions.9.javax.xml.bind.ModuleUtil
15:38:03.593 [Test worker] DEBUG net.thucydides.core.reflection.ClassFinder - Could not load class META-INF.versions.9.module-info
15:38:03.593 [Test worker] DEBUG net.thucydides.core.reflection.ClassFinder - Could not load class META-INF.versions.9.org.apache.logging.log4j.util.Base64Util
15:38:03.594 [Test worker] DEBUG net.thucydides.core.reflection.ClassFinder - Could not load class META-INF.versions.9.org.apache.logging.log4j.util.ProcessIdUtil
15:38:03.594 [Test worker] DEBUG net.thucydides.core.reflection.ClassFinder - Could not load class META-INF.versions.9.org.apache.logging.log4j.util.StackLocator
15:38:03.595 [Test worker] DEBUG net.thucydides.core.reflection.ClassFinder - Could not load class META-INF.versions.9.org.apache.logging.log4j.util.internal.DefaultObjectInputFilter
15:38:03.595 [Test worker] DEBUG net.thucydides.core.reflection.ClassFinder - Could not load class META-INF.versions.9.org.apache.xmlbeans.impl.tool.MavenPluginResolver
15:38:03.596 [Test worker] DEBUG net.thucydides.core.reflection.ClassFinder - Could not load class META-INF.versions.9.org.junit.platform.commons.util.ModuleUtils
15:38:03.598 [Test worker] DEBUG net.thucydides.core.reflection.ClassFinder - Could not load class com.google.gson.internal.
15:38:03.599 [Test worker] DEBUG net.thucydides.core.reflection.ClassFinder - Could not load class com.microsoft.schemas.office.office.STOLEUpdateMode
15:38:03.600 [Test worker] DEBUG net.thucydides.core.reflection.ClassFinder - Could not load class com.microsoft.schemas.office.office.STScreenSize
15:38:03.600 [Test worker] DEBUG net.thucydides.core.reflection.ClassFinder - Could not load class com.microsoft.schemas.office.visio.x2012.main.SheetType
15:38:03.600 [Test worker] DEBUG net.thucydides.core.reflection.ClassFinder - Could not load class com.microsoft.schemas.office.visio.x2012.main.TriggerType
15:38:03.600 [Test worker] DEBUG net.thucydides.core.reflection.ClassFinder - Could not load class com.microsoft.schemas.office.word.STHorizontalAnchor
15:38:03.601 [Test worker] DEBUG net.thucydides.core.reflection.ClassFinder - Could not load class com.microsoft.schemas.office.word.STVerticalAnchor
15:38:03.601 [Test worker] DEBUG net.thucydides.core.reflection.ClassFinder - Could not load class com.microsoft.schemas.office.word.STWrapSide
15:38:03.602 [Test worker] DEBUG net.thucydides.core.reflection.ClassFinder - Could not load class com.microsoft.schemas.vml.STImageAspect
15:38:03.602 [Test worker] DEBUG net.thucydides.core.reflection.ClassFinder - Could not load class com.microsoft.schemas.vml.STStrokeArrowLength
15:38:03.602 [Test worker] DEBUG net.thucydides.core.reflection.ClassFinder - Could not load class com.microsoft.schemas.vml.STStrokeArrowWidth
15:38:03.603 [Test worker] DEBUG net.thucydides.core.reflection.ClassFinder - Could not load class com.microsoft.schemas.vml.STStrokeEndCap
15:38:03.603 [Test worker] DEBUG net.thucydides.core.reflection.ClassFinder - Could not load class com.microsoft.schemas.vml.STStrokeLineStyle
15:38:03.605 [Test worker] DEBUG net.thucydides.core.reflection.ClassFinder - Could not load class com.sun.xml.bind.v2.runtime.output.FastInfosetStreamWriterOutput
15:38:03.607 [Test worker] DEBUG net.thucydides.core.reflection.ClassFinder - Could not load class module-info
15:38:03.610 [Test worker] DEBUG net.thucydides.core.reflection.ClassFinder - Could not load class org.apache.logging.log4j.util.Activator
15:38:03.614 [Test worker] DEBUG net.thucydides.core.reflection.ClassFinder - Could not load class org.apache.poi.xslf.draw.SVGImageRenderer
15:38:03.615 [Test worker] DEBUG net.thucydides.core.reflection.ClassFinder - Could not load class org.apache.poi.xslf.draw.SVGPOIGraphics2D
15:38:03.617 [Test worker] DEBUG net.thucydides.core.reflection.ClassFinder - Could not load class org.apache.poi.xslf.draw.SVGRenderExtension
15:38:03.618 [Test worker] DEBUG net.thucydides.core.reflection.ClassFinder - Could not load class org.apache.poi.xslf.draw.SVGUserAgent
15:38:03.619 [Test worker] DEBUG net.thucydides.core.reflection.ClassFinder - Could not load class org.apache.poi.xslf.util.SVGFormat
15:38:03.620 [Test worker] DEBUG net.thucydides.core.reflection.ClassFinder - Could not load class org.apache.xmlbeans.impl.schema.TypeSystemHolder
15:38:03.622 [Test worker] DEBUG net.thucydides.core.reflection.ClassFinder - Could not load class org.apache.xmlbeans.impl.tool.MavenPlugin
15:38:03.623 [Test worker] DEBUG net.thucydides.core.reflection.ClassFinder - Could not load class org.apache.xmlbeans.impl.tool.MavenPluginHelp
15:38:03.624 [Test worker] DEBUG net.thucydides.core.reflection.ClassFinder - Could not load class org.apache.xmlbeans.impl.tool.XMLBean
15:38:03.626 [Test worker] DEBUG net.thucydides.core.reflection.ClassFinder - Could not load class org.apache.xmlbeans.impl.xpath.saxon.SaxonXPath
15:38:03.627 [Test worker] DEBUG net.thucydides.core.reflection.ClassFinder - Could not load class org.apache.xmlbeans.impl.xpath.saxon.SaxonXQuery
15:38:03.637 [Test worker] DEBUG net.thucydides.core.reflection.ClassFinder - Could not load class org.etsi.uri.x01903.v13.GenericTimeStampType
15:38:03.638 [Test worker] DEBUG net.thucydides.core.reflection.ClassFinder - Could not load class org.etsi.uri.x01903.v13.QualifierType
15:38:03.644 [Test worker] DEBUG net.thucydides.core.reflection.ClassFinder - Could not load class org.openxmlformats.schemas.drawingml.x2006.chart.CTSerAx
15:38:03.645 [Test worker] DEBUG net.thucydides.core.reflection.ClassFinder - Could not load class org.openxmlformats.schemas.drawingml.x2006.chart.STDepthPercentUShort
15:38:03.645 [Test worker] DEBUG net.thucydides.core.reflection.ClassFinder - Could not load class org.openxmlformats.schemas.drawingml.x2006.chart.STDepthPercentWithSymbol
15:38:03.645 [Test worker] DEBUG net.thucydides.core.reflection.ClassFinder - Could not load class org.openxmlformats.schemas.drawingml.x2006.chart.STHPercentUShort
15:38:03.645 [Test worker] DEBUG net.thucydides.core.reflection.ClassFinder - Could not load class org.openxmlformats.schemas.drawingml.x2006.chart.STHPercentWithSymbol
15:38:03.645 [Test worker] DEBUG net.thucydides.core.reflection.ClassFinder - Could not load class org.openxmlformats.schemas.drawingml.x2006.chart.STHoleSizePercent
15:38:03.645 [Test worker] DEBUG net.thucydides.core.reflection.ClassFinder - Could not load class org.openxmlformats.schemas.drawingml.x2006.chart.STHoleSizeUByte
15:38:03.645 [Test worker] DEBUG net.thucydides.core.reflection.ClassFinder - Could not load class org.openxmlformats.schemas.drawingml.x2006.chart.STOverlapByte
15:38:03.645 [Test worker] DEBUG net.thucydides.core.reflection.ClassFinder - Could not load class org.openxmlformats.schemas.drawingml.x2006.chart.STOverlapPercent
15:38:03.646 [Test worker] DEBUG net.thucydides.core.reflection.ClassFinder - Could not load class org.openxmlformats.schemas.drawingml.x2006.chart.STPageSetupOrientation
15:38:03.647 [Test worker] DEBUG net.thucydides.core.reflection.ClassFinder - Could not load class org.openxmlformats.schemas.drawingml.x2006.main.CTGroupFillProperties
15:38:03.647 [Test worker] DEBUG net.thucydides.core.reflection.ClassFinder - Could not load class org.openxmlformats.schemas.drawingml.x2006.main.CTPath2DQuadBezierTo
15:38:03.648 [Test worker] DEBUG net.thucydides.core.reflection.ClassFinder - Could not load class org.openxmlformats.schemas.drawingml.x2006.main.STEffectContainerType
15:38:03.648 [Test worker] DEBUG net.thucydides.core.reflection.ClassFinder - Could not load class org.openxmlformats.schemas.drawingml.x2006.main.STPresetMaterialType
15:38:03.649 [Test worker] DEBUG net.thucydides.core.reflection.ClassFinder - Could not load class org.openxmlformats.schemas.drawingml.x2006.wordprocessingDrawing.STAlignH
15:38:03.650 [Test worker] DEBUG net.thucydides.core.reflection.ClassFinder - Could not load class org.openxmlformats.schemas.drawingml.x2006.wordprocessingDrawing.STAlignV
15:38:03.650 [Test worker] DEBUG net.thucydides.core.reflection.ClassFinder - Could not load class org.openxmlformats.schemas.officeDocument.x2006.docPropsVTypes.STVectorBaseType
15:38:03.651 [Test worker] DEBUG net.thucydides.core.reflection.ClassFinder - Could not load class org.openxmlformats.schemas.officeDocument.x2006.sharedTypes.STConformanceClass
15:38:03.652 [Test worker] DEBUG net.thucydides.core.reflection.ClassFinder - Could not load class org.openxmlformats.schemas.presentationml.x2006.main.STDirection
15:38:03.652 [Test worker] DEBUG net.thucydides.core.reflection.ClassFinder - Could not load class org.openxmlformats.schemas.presentationml.x2006.main.STTLTimeNodeMasterRelation
15:38:03.653 [Test worker] DEBUG net.thucydides.core.reflection.ClassFinder - Could not load class org.openxmlformats.schemas.presentationml.x2006.main.STTLTimeNodePresetClassType
15:38:03.653 [Test worker] DEBUG net.thucydides.core.reflection.ClassFinder - Could not load class org.openxmlformats.schemas.presentationml.x2006.main.STTLTimeNodeSyncType
15:38:03.654 [Test worker] DEBUG net.thucydides.core.reflection.ClassFinder - Could not load class org.openxmlformats.schemas.presentationml.x2006.main.STTLTriggerEvent
15:38:03.655 [Test worker] DEBUG net.thucydides.core.reflection.ClassFinder - Could not load class org.openxmlformats.schemas.spreadsheetml.x2006.main.STComments
15:38:03.655 [Test worker] DEBUG net.thucydides.core.reflection.ClassFinder - Could not load class org.openxmlformats.schemas.spreadsheetml.x2006.main.STDataValidationImeMode
15:38:03.656 [Test worker] DEBUG net.thucydides.core.reflection.ClassFinder - Could not load class org.openxmlformats.schemas.spreadsheetml.x2006.main.STFieldSortType
15:38:03.656 [Test worker] DEBUG net.thucydides.core.reflection.ClassFinder - Could not load class org.openxmlformats.schemas.spreadsheetml.x2006.main.STOleUpdate
15:38:03.657 [Test worker] DEBUG net.thucydides.core.reflection.ClassFinder - Could not load class org.openxmlformats.schemas.spreadsheetml.x2006.main.STPhoneticAlignment
15:38:03.657 [Test worker] DEBUG net.thucydides.core.reflection.ClassFinder - Could not load class org.openxmlformats.schemas.spreadsheetml.x2006.main.STShowDataAs
15:38:03.658 [Test worker] DEBUG net.thucydides.core.reflection.ClassFinder - Could not load class org.openxmlformats.schemas.spreadsheetml.x2006.main.STSortBy
15:38:03.658 [Test worker] DEBUG net.thucydides.core.reflection.ClassFinder - Could not load class org.openxmlformats.schemas.spreadsheetml.x2006.main.STSortMethod
15:38:03.659 [Test worker] DEBUG net.thucydides.core.reflection.ClassFinder - Could not load class org.openxmlformats.schemas.spreadsheetml.x2006.main.STTableType
15:38:03.659 [Test worker] DEBUG net.thucydides.core.reflection.ClassFinder - Could not load class org.openxmlformats.schemas.spreadsheetml.x2006.main.STTargetScreenSize
15:38:03.660 [Test worker] DEBUG net.thucydides.core.reflection.ClassFinder - Could not load class org.openxmlformats.schemas.spreadsheetml.x2006.main.STTotalsRowFunction
15:38:03.661 [Test worker] DEBUG net.thucydides.core.reflection.ClassFinder - Could not load class org.openxmlformats.schemas.wordprocessingml.x2006.main.CTBookmarkRange
15:38:03.661 [Test worker] DEBUG net.thucydides.core.reflection.ClassFinder - Could not load class org.openxmlformats.schemas.wordprocessingml.x2006.main.CTDocumentBase
15:38:03.661 [Test worker] DEBUG net.thucydides.core.reflection.ClassFinder - Could not load class org.openxmlformats.schemas.wordprocessingml.x2006.main.CTPPrBase
15:38:03.661 [Test worker] DEBUG net.thucydides.core.reflection.ClassFinder - Could not load class org.openxmlformats.schemas.wordprocessingml.x2006.main.CTTblGridBase
15:38:03.661 [Test worker] DEBUG net.thucydides.core.reflection.ClassFinder - Could not load class org.openxmlformats.schemas.wordprocessingml.x2006.main.CTTblPrBase
15:38:03.661 [Test worker] DEBUG net.thucydides.core.reflection.ClassFinder - Could not load class org.openxmlformats.schemas.wordprocessingml.x2006.main.CTTblPrExBase
15:38:03.662 [Test worker] DEBUG net.thucydides.core.reflection.ClassFinder - Could not load class org.openxmlformats.schemas.wordprocessingml.x2006.main.CTTcPrBase
15:38:03.662 [Test worker] DEBUG net.thucydides.core.reflection.ClassFinder - Could not load class org.openxmlformats.schemas.wordprocessingml.x2006.main.CTTcPrInner
15:38:03.662 [Test worker] DEBUG net.thucydides.core.reflection.ClassFinder - Could not load class org.openxmlformats.schemas.wordprocessingml.x2006.main.CTTrPrBase
15:38:03.662 [Test worker] DEBUG net.thucydides.core.reflection.ClassFinder - Could not load class org.openxmlformats.schemas.wordprocessingml.x2006.main.STChapterSep
15:38:03.663 [Test worker] DEBUG net.thucydides.core.reflection.ClassFinder - Could not load class org.openxmlformats.schemas.wordprocessingml.x2006.main.STDropCap
15:38:03.664 [Test worker] DEBUG net.thucydides.core.reflection.ClassFinder - Could not load class org.openxmlformats.schemas.wordprocessingml.x2006.main.STPTabAlignment
15:38:03.664 [Test worker] DEBUG net.thucydides.core.reflection.ClassFinder - Could not load class org.openxmlformats.schemas.wordprocessingml.x2006.main.STPTabLeader
15:38:03.665 [Test worker] DEBUG net.thucydides.core.reflection.ClassFinder - Could not load class org.openxmlformats.schemas.wordprocessingml.x2006.main.STPTabRelativeTo
15:38:03.665 [Test worker] DEBUG net.thucydides.core.reflection.ClassFinder - Could not load class org.openxmlformats.schemas.wordprocessingml.x2006.main.STPageBorderZOrder
15:38:03.666 [Test worker] DEBUG net.thucydides.core.reflection.ClassFinder - Could not load class org.openxmlformats.schemas.wordprocessingml.x2006.main.STZoom
15:38:03.672 [Forwarding maximizeCurrentWindow on session 566657fccef467be2dbfb2d8d7b8db24 to remote] DEBUG org.asynchttpclient.netty.request.NettyRequestSender - Using pooled Channel '[id: 0xee7d4684, L:/127.0.0.1:59971 - R:localhost/127.0.0.1:58509]' for 'POST' to 'http://localhost:58509/session/566657fccef467be2dbfb2d8d7b8db24/window/maximize'
15:38:03.672 [Forwarding maximizeCurrentWindow on session 566657fccef467be2dbfb2d8d7b8db24 to remote] DEBUG org.asynchttpclient.netty.request.NettyRequestSender - Using open Channel [id: 0xee7d4684, L:/127.0.0.1:59971 - R:localhost/127.0.0.1:58509] for POST '/session/566657fccef467be2dbfb2d8d7b8db24/window/maximize'
15:38:03.678 [AsyncHttpClient-1-2] DEBUG org.asynchttpclient.netty.handler.HttpHandler - 

Request DefaultHttpRequest(decodeResult: success, version: HTTP/1.1)
POST /session/566657fccef467be2dbfb2d8d7b8db24/window/maximize HTTP/1.1
User-Agent: selenium/4.1.4 (java windows)
Content-Length: 3
Content-Type: application/json; charset=utf-8
host: localhost:58509
accept: */*

Response DefaultHttpResponse(decodeResult: success, version: HTTP/1.1)
HTTP/1.1 200 OK
Content-Type: application/json; charset=utf-8
cache-control: no-cache
content-length: 51

15:38:03.679 [AsyncHttpClient-1-2] DEBUG org.asynchttpclient.netty.channel.ChannelManager - Adding key: http://localhost:58509 for channel [id: 0xee7d4684, L:/127.0.0.1:59971 - R:localhost/127.0.0.1:58509]
15:38:04.429 [AsyncHttpClient-1-1] DEBUG org.asynchttpclient.netty.channel.DefaultChannelPool - Entry count for : http://localhost:58509 : 1
15:38:04.429 [AsyncHttpClient-1-1] DEBUG org.asynchttpclient.netty.channel.DefaultChannelPool - Entry count for : http://localhost:59972 : 1
15:38:05.027 [Test worker] DEBUG net.serenitybdd.core.photography.Darkroom - Opening darkroom
15:38:05.028 [Darkroom Processing Line] DEBUG net.serenitybdd.core.photography.DarkroomProcessingLine - Darkroom processing line starting up
15:38:05.029 [Forwarding screenshot on session 566657fccef467be2dbfb2d8d7b8db24 to remote] DEBUG org.asynchttpclient.netty.request.NettyRequestSender - Using pooled Channel '[id: 0xee7d4684, L:/127.0.0.1:59971 - R:localhost/127.0.0.1:58509]' for 'GET' to 'http://localhost:58509/session/566657fccef467be2dbfb2d8d7b8db24/screenshot'
15:38:05.030 [Forwarding screenshot on session 566657fccef467be2dbfb2d8d7b8db24 to remote] DEBUG org.asynchttpclient.netty.request.NettyRequestSender - Using open Channel [id: 0xee7d4684, L:/127.0.0.1:59971 - R:localhost/127.0.0.1:58509] for GET '/session/566657fccef467be2dbfb2d8d7b8db24/screenshot'
15:38:05.118 [AsyncHttpClient-1-2] DEBUG org.asynchttpclient.netty.handler.HttpHandler - 

Request DefaultFullHttpRequest(decodeResult: success, version: HTTP/1.1, content: EmptyByteBufBE)
GET /session/566657fccef467be2dbfb2d8d7b8db24/screenshot HTTP/1.1
User-Agent: selenium/4.1.4 (java windows)
Cache-Control: no-cache
Content-Type: application/json; charset=utf-8
host: localhost:58509
accept: */*

Response DefaultHttpResponse(decodeResult: success, version: HTTP/1.1)
HTTP/1.1 200 OK
Content-Type: application/json; charset=utf-8
cache-control: no-cache
content-length: 6268

15:38:05.119 [AsyncHttpClient-1-2] DEBUG org.asynchttpclient.netty.channel.ChannelManager - Adding key: http://localhost:58509 for channel [id: 0xee7d4684, L:/127.0.0.1:59971 - R:localhost/127.0.0.1:58509]
15:38:05.207 [Test worker] DEBUG net.serenitybdd.core.photography.Darkroom - Send negative for processing for C:\Users\Administrador\Documents\Choucair\Choucair\ChoucairAutomation\target\site\serenity\0506a3a1dbbee2235fe47286b51a09f8232743f85c8d1caad92c55e9d4d990ac.png
15:38:05.211 [Test worker] DEBUG net.thucydides.core.steps.StepInterceptor - STARTING STEP: StartSharp.navigate - !#title
15:38:05.264 [Forwarding screenshot on session 566657fccef467be2dbfb2d8d7b8db24 to remote] DEBUG org.asynchttpclient.netty.request.NettyRequestSender - Using pooled Channel '[id: 0xee7d4684, L:/127.0.0.1:59971 - R:localhost/127.0.0.1:58509]' for 'GET' to 'http://localhost:58509/session/566657fccef467be2dbfb2d8d7b8db24/screenshot'
15:38:05.264 [Forwarding screenshot on session 566657fccef467be2dbfb2d8d7b8db24 to remote] DEBUG org.asynchttpclient.netty.request.NettyRequestSender - Using open Channel [id: 0xee7d4684, L:/127.0.0.1:59971 - R:localhost/127.0.0.1:58509] for GET '/session/566657fccef467be2dbfb2d8d7b8db24/screenshot'
15:38:05.343 [AsyncHttpClient-1-2] DEBUG org.asynchttpclient.netty.handler.HttpHandler - 

Request DefaultFullHttpRequest(decodeResult: success, version: HTTP/1.1, content: EmptyByteBufBE)
GET /session/566657fccef467be2dbfb2d8d7b8db24/screenshot HTTP/1.1
User-Agent: selenium/4.1.4 (java windows)
Cache-Control: no-cache
Content-Type: application/json; charset=utf-8
host: localhost:58509
accept: */*

Response DefaultHttpResponse(decodeResult: success, version: HTTP/1.1)
HTTP/1.1 200 OK
Content-Type: application/json; charset=utf-8
cache-control: no-cache
content-length: 6268

15:38:05.343 [AsyncHttpClient-1-2] DEBUG org.asynchttpclient.netty.channel.ChannelManager - Adding key: http://localhost:58509 for channel [id: 0xee7d4684, L:/127.0.0.1:59971 - R:localhost/127.0.0.1:58509]
15:38:05.346 [Test worker] DEBUG net.serenitybdd.core.photography.Darkroom - Send negative for processing for C:\Users\Administrador\Documents\Choucair\Choucair\ChoucairAutomation\target\site\serenity\0506a3a1dbbee2235fe47286b51a09f8232743f85c8d1caad92c55e9d4d990ac.png
15:38:05.347 [Test worker] DEBUG net.thucydides.core.steps.StepInterceptor - STARTING STEP: StartSharp.navigate - !#title
15:38:05.388 [Test worker] DEBUG net.thucydides.core.steps.StepInterceptor - STARTING STEP: StartSharp.navigate - {0} opens the browser at #url
15:38:05.401 [Forwarding get on session 566657fccef467be2dbfb2d8d7b8db24 to remote] DEBUG org.asynchttpclient.netty.request.NettyRequestSender - Using pooled Channel '[id: 0xee7d4684, L:/127.0.0.1:59971 - R:localhost/127.0.0.1:58509]' for 'POST' to 'http://localhost:58509/session/566657fccef467be2dbfb2d8d7b8db24/url'
15:38:05.401 [Forwarding get on session 566657fccef467be2dbfb2d8d7b8db24 to remote] DEBUG org.asynchttpclient.netty.request.NettyRequestSender - Using open Channel [id: 0xee7d4684, L:/127.0.0.1:59971 - R:localhost/127.0.0.1:58509] for POST '/session/566657fccef467be2dbfb2d8d7b8db24/url'
15:38:05.524 [AsyncHttpClient-1-1] DEBUG org.asynchttpclient.netty.channel.DefaultChannelPool - Entry count for : http://localhost:59972 : 1
15:38:06.630 [AsyncHttpClient-1-1] DEBUG org.asynchttpclient.netty.channel.DefaultChannelPool - Entry count for : http://localhost:59972 : 1
15:38:07.724 [AsyncHttpClient-1-1] DEBUG org.asynchttpclient.netty.channel.DefaultChannelPool - Entry count for : http://localhost:59972 : 1
15:38:08.824 [AsyncHttpClient-1-1] DEBUG org.asynchttpclient.netty.channel.DefaultChannelPool - Entry count for : http://localhost:59972 : 1
15:38:09.930 [AsyncHttpClient-1-1] DEBUG org.asynchttpclient.netty.channel.DefaultChannelPool - Entry count for : http://localhost:59972 : 1
15:38:11.025 [AsyncHttpClient-1-1] DEBUG org.asynchttpclient.netty.channel.DefaultChannelPool - Entry count for : http://localhost:59972 : 1
15:38:12.130 [AsyncHttpClient-1-1] DEBUG org.asynchttpclient.netty.channel.DefaultChannelPool - Entry count for : http://localhost:59972 : 1
15:38:13.223 [AsyncHttpClient-1-1] DEBUG org.asynchttpclient.netty.channel.DefaultChannelPool - Entry count for : http://localhost:59972 : 1
15:38:14.331 [AsyncHttpClient-1-1] DEBUG org.asynchttpclient.netty.channel.DefaultChannelPool - Entry count for : http://localhost:59972 : 1
15:38:15.423 [AsyncHttpClient-1-1] DEBUG org.asynchttpclient.netty.channel.DefaultChannelPool - Entry count for : http://localhost:59972 : 1
15:38:16.525 [AsyncHttpClient-1-1] DEBUG org.asynchttpclient.netty.channel.DefaultChannelPool - Entry count for : http://localhost:59972 : 1
15:38:17.626 [AsyncHttpClient-1-1] DEBUG org.asynchttpclient.netty.channel.DefaultChannelPool - Entry count for : http://localhost:59972 : 1
15:38:18.636 [AsyncHttpClient-1-2] DEBUG org.asynchttpclient.netty.handler.HttpHandler - 

Request DefaultHttpRequest(decodeResult: success, version: HTTP/1.1)
POST /session/566657fccef467be2dbfb2d8d7b8db24/url HTTP/1.1
User-Agent: selenium/4.1.4 (java windows)
Content-Length: 60
Content-Type: application/json; charset=utf-8
host: localhost:58509
accept: */*

Response DefaultHttpResponse(decodeResult: success, version: HTTP/1.1)
HTTP/1.1 200 OK
Content-Type: application/json; charset=utf-8
cache-control: no-cache
content-length: 14

15:38:18.636 [AsyncHttpClient-1-2] DEBUG org.asynchttpclient.netty.channel.ChannelManager - Adding key: http://localhost:58509 for channel [id: 0xee7d4684, L:/127.0.0.1:59971 - R:localhost/127.0.0.1:58509]
15:38:18.643 [Forwarding setTimeout on session 566657fccef467be2dbfb2d8d7b8db24 to remote] DEBUG org.asynchttpclient.netty.request.NettyRequestSender - Using pooled Channel '[id: 0xee7d4684, L:/127.0.0.1:59971 - R:localhost/127.0.0.1:58509]' for 'POST' to 'http://localhost:58509/session/566657fccef467be2dbfb2d8d7b8db24/timeouts'
15:38:18.644 [Forwarding setTimeout on session 566657fccef467be2dbfb2d8d7b8db24 to remote] DEBUG org.asynchttpclient.netty.request.NettyRequestSender - Using open Channel [id: 0xee7d4684, L:/127.0.0.1:59971 - R:localhost/127.0.0.1:58509] for POST '/session/566657fccef467be2dbfb2d8d7b8db24/timeouts'
15:38:18.654 [AsyncHttpClient-1-2] DEBUG org.asynchttpclient.netty.handler.HttpHandler - 

Request DefaultHttpRequest(decodeResult: success, version: HTTP/1.1)
POST /session/566657fccef467be2dbfb2d8d7b8db24/timeouts HTTP/1.1
User-Agent: selenium/4.1.4 (java windows)
Content-Length: 23
Content-Type: application/json; charset=utf-8
host: localhost:58509
accept: */*

Response DefaultHttpResponse(decodeResult: success, version: HTTP/1.1)
HTTP/1.1 200 OK
Content-Type: application/json; charset=utf-8
cache-control: no-cache
content-length: 14

15:38:18.654 [AsyncHttpClient-1-2] DEBUG org.asynchttpclient.netty.channel.ChannelManager - Adding key: http://localhost:58509 for channel [id: 0xee7d4684, L:/127.0.0.1:59971 - R:localhost/127.0.0.1:58509]
15:38:18.688 [Forwarding getCurrentUrl on session 566657fccef467be2dbfb2d8d7b8db24 to remote] DEBUG org.asynchttpclient.netty.request.NettyRequestSender - Using pooled Channel '[id: 0xee7d4684, L:/127.0.0.1:59971 - R:localhost/127.0.0.1:58509]' for 'GET' to 'http://localhost:58509/session/566657fccef467be2dbfb2d8d7b8db24/url'
15:38:18.688 [Forwarding getCurrentUrl on session 566657fccef467be2dbfb2d8d7b8db24 to remote] DEBUG org.asynchttpclient.netty.request.NettyRequestSender - Using open Channel [id: 0xee7d4684, L:/127.0.0.1:59971 - R:localhost/127.0.0.1:58509] for GET '/session/566657fccef467be2dbfb2d8d7b8db24/url'
15:38:18.692 [AsyncHttpClient-1-2] DEBUG org.asynchttpclient.netty.handler.HttpHandler - 

Request DefaultFullHttpRequest(decodeResult: success, version: HTTP/1.1, content: EmptyByteBufBE)
GET /session/566657fccef467be2dbfb2d8d7b8db24/url HTTP/1.1
User-Agent: selenium/4.1.4 (java windows)
Cache-Control: no-cache
Content-Type: application/json; charset=utf-8
host: localhost:58509
accept: */*

Response DefaultHttpResponse(decodeResult: success, version: HTTP/1.1)
HTTP/1.1 200 OK
Content-Type: application/json; charset=utf-8
cache-control: no-cache
content-length: 72

15:38:18.692 [AsyncHttpClient-1-2] DEBUG org.asynchttpclient.netty.channel.ChannelManager - Adding key: http://localhost:58509 for channel [id: 0xee7d4684, L:/127.0.0.1:59971 - R:localhost/127.0.0.1:58509]
15:38:18.718 [Forwarding screenshot on session 566657fccef467be2dbfb2d8d7b8db24 to remote] DEBUG org.asynchttpclient.netty.request.NettyRequestSender - Using pooled Channel '[id: 0xee7d4684, L:/127.0.0.1:59971 - R:localhost/127.0.0.1:58509]' for 'GET' to 'http://localhost:58509/session/566657fccef467be2dbfb2d8d7b8db24/screenshot'
15:38:18.718 [Forwarding screenshot on session 566657fccef467be2dbfb2d8d7b8db24 to remote] DEBUG org.asynchttpclient.netty.request.NettyRequestSender - Using open Channel [id: 0xee7d4684, L:/127.0.0.1:59971 - R:localhost/127.0.0.1:58509] for GET '/session/566657fccef467be2dbfb2d8d7b8db24/screenshot'
15:38:18.729 [AsyncHttpClient-1-1] DEBUG org.asynchttpclient.netty.channel.DefaultChannelPool - Entry count for : http://localhost:59972 : 1
15:38:18.920 [AsyncHttpClient-1-2] DEBUG org.asynchttpclient.netty.handler.HttpHandler - 

Request DefaultFullHttpRequest(decodeResult: success, version: HTTP/1.1, content: EmptyByteBufBE)
GET /session/566657fccef467be2dbfb2d8d7b8db24/screenshot HTTP/1.1
User-Agent: selenium/4.1.4 (java windows)
Cache-Control: no-cache
Content-Type: application/json; charset=utf-8
host: localhost:58509
accept: */*

Response DefaultHttpResponse(decodeResult: success, version: HTTP/1.1)
HTTP/1.1 200 OK
Content-Type: application/json; charset=utf-8
cache-control: no-cache
content-length: 26180

15:38:18.921 [AsyncHttpClient-1-2] DEBUG org.asynchttpclient.netty.channel.ChannelManager - Adding key: http://localhost:58509 for channel [id: 0xee7d4684, L:/127.0.0.1:59971 - R:localhost/127.0.0.1:58509]
15:38:18.924 [Test worker] DEBUG net.serenitybdd.core.photography.Darkroom - Send negative for processing for C:\Users\Administrador\Documents\Choucair\Choucair\ChoucairAutomation\target\site\serenity\583df2e3dad39f669b967b3aacf93b26265e57f11e3bf3c79bf37497f2eabe53.png
15:38:18.926 [Test worker] DEBUG net.thucydides.core.steps.StepInterceptor - STEP DONE: {0} opens the browser at #url
15:38:18.971 [Test worker] DEBUG net.thucydides.core.steps.StepInterceptor - STEP DONE: !#title
15:38:19.019 [Forwarding screenshot on session 566657fccef467be2dbfb2d8d7b8db24 to remote] DEBUG org.asynchttpclient.netty.request.NettyRequestSender - Using pooled Channel '[id: 0xee7d4684, L:/127.0.0.1:59971 - R:localhost/127.0.0.1:58509]' for 'GET' to 'http://localhost:58509/session/566657fccef467be2dbfb2d8d7b8db24/screenshot'
15:38:19.019 [Forwarding screenshot on session 566657fccef467be2dbfb2d8d7b8db24 to remote] DEBUG org.asynchttpclient.netty.request.NettyRequestSender - Using open Channel [id: 0xee7d4684, L:/127.0.0.1:59971 - R:localhost/127.0.0.1:58509] for GET '/session/566657fccef467be2dbfb2d8d7b8db24/screenshot'
15:38:19.109 [AsyncHttpClient-1-2] DEBUG org.asynchttpclient.netty.handler.HttpHandler - 

Request DefaultFullHttpRequest(decodeResult: success, version: HTTP/1.1, content: EmptyByteBufBE)
GET /session/566657fccef467be2dbfb2d8d7b8db24/screenshot HTTP/1.1
User-Agent: selenium/4.1.4 (java windows)
Cache-Control: no-cache
Content-Type: application/json; charset=utf-8
host: localhost:58509
accept: */*

Response DefaultHttpResponse(decodeResult: success, version: HTTP/1.1)
HTTP/1.1 200 OK
Content-Type: application/json; charset=utf-8
cache-control: no-cache
content-length: 29996

15:38:19.109 [AsyncHttpClient-1-2] DEBUG org.asynchttpclient.netty.channel.ChannelManager - Adding key: http://localhost:58509 for channel [id: 0xee7d4684, L:/127.0.0.1:59971 - R:localhost/127.0.0.1:58509]
15:38:19.112 [Test worker] DEBUG net.serenitybdd.core.photography.Darkroom - Send negative for processing for C:\Users\Administrador\Documents\Choucair\Choucair\ChoucairAutomation\target\site\serenity\75893cc6abf0666cc59a52d8366c6b610d12ec4b880ac1a81fefba33a8c520f4.png
15:38:19.113 [Darkroom Processing Line] DEBUG net.serenitybdd.core.photography.DarkroomProcessingLine - Processing screenshot image in /var/screenshots/screenshot-17558072408258652571
15:38:19.113 [Darkroom Processing Line] DEBUG net.serenitybdd.core.photography.DarkroomProcessingLine - Saving screenshot to C:\Users\Administrador\Documents\Choucair\Choucair\ChoucairAutomation\target\site\serenity\75893cc6abf0666cc59a52d8366c6b610d12ec4b880ac1a81fefba33a8c520f4.png
15:38:19.113 [Test worker] DEBUG net.thucydides.core.steps.StepInterceptor - STARTING STEP: LoginWith.performAs - {0} enters #theTextAsAString into #target
15:38:19.126 [Test worker] DEBUG net.serenitybdd.screenplay.targets.IFrameSwitcher - default content already selected for username txt
15:38:19.171 [Forwarding findElement on session 566657fccef467be2dbfb2d8d7b8db24 to remote] DEBUG org.asynchttpclient.netty.request.NettyRequestSender - Using pooled Channel '[id: 0xee7d4684, L:/127.0.0.1:59971 - R:localhost/127.0.0.1:58509]' for 'POST' to 'http://localhost:58509/session/566657fccef467be2dbfb2d8d7b8db24/element'
15:38:19.171 [Forwarding findElement on session 566657fccef467be2dbfb2d8d7b8db24 to remote] DEBUG org.asynchttpclient.netty.request.NettyRequestSender - Using open Channel [id: 0xee7d4684, L:/127.0.0.1:59971 - R:localhost/127.0.0.1:58509] for POST '/session/566657fccef467be2dbfb2d8d7b8db24/element'
15:38:19.181 [AsyncHttpClient-1-2] DEBUG org.asynchttpclient.netty.handler.HttpHandler - 

Request DefaultHttpRequest(decodeResult: success, version: HTTP/1.1)
POST /session/566657fccef467be2dbfb2d8d7b8db24/element HTTP/1.1
User-Agent: selenium/4.1.4 (java windows)
Content-Length: 87
Content-Type: application/json; charset=utf-8
host: localhost:58509
accept: */*

Response DefaultHttpResponse(decodeResult: success, version: HTTP/1.1)
HTTP/1.1 200 OK
Content-Type: application/json; charset=utf-8
cache-control: no-cache
content-length: 88

15:38:19.182 [AsyncHttpClient-1-2] DEBUG org.asynchttpclient.netty.channel.ChannelManager - Adding key: http://localhost:58509 for channel [id: 0xee7d4684, L:/127.0.0.1:59971 - R:localhost/127.0.0.1:58509]
15:38:19.185 [Forwarding clearElement on session 566657fccef467be2dbfb2d8d7b8db24 to remote] DEBUG org.asynchttpclient.netty.request.NettyRequestSender - Using pooled Channel '[id: 0xee7d4684, L:/127.0.0.1:59971 - R:localhost/127.0.0.1:58509]' for 'POST' to 'http://localhost:58509/session/566657fccef467be2dbfb2d8d7b8db24/element/df154586-ba2f-454a-a140-db96d5f59aa3/clear'
15:38:19.185 [Forwarding clearElement on session 566657fccef467be2dbfb2d8d7b8db24 to remote] DEBUG org.asynchttpclient.netty.request.NettyRequestSender - Using open Channel [id: 0xee7d4684, L:/127.0.0.1:59971 - R:localhost/127.0.0.1:58509] for POST '/session/566657fccef467be2dbfb2d8d7b8db24/element/df154586-ba2f-454a-a140-db96d5f59aa3/clear'
15:38:19.217 [AsyncHttpClient-1-2] DEBUG org.asynchttpclient.netty.handler.HttpHandler - 

Request DefaultHttpRequest(decodeResult: success, version: HTTP/1.1)
POST /session/566657fccef467be2dbfb2d8d7b8db24/element/df154586-ba2f-454a-a140-db96d5f59aa3/clear HTTP/1.1
User-Agent: selenium/4.1.4 (java windows)
Content-Length: 50
Content-Type: application/json; charset=utf-8
host: localhost:58509
accept: */*

Response DefaultHttpResponse(decodeResult: success, version: HTTP/1.1)
HTTP/1.1 200 OK
Content-Type: application/json; charset=utf-8
cache-control: no-cache
content-length: 14

15:38:19.217 [AsyncHttpClient-1-2] DEBUG org.asynchttpclient.netty.channel.ChannelManager - Adding key: http://localhost:58509 for channel [id: 0xee7d4684, L:/127.0.0.1:59971 - R:localhost/127.0.0.1:58509]
15:38:19.234 [Forwarding sendKeysToElement on session 566657fccef467be2dbfb2d8d7b8db24 to remote] DEBUG org.asynchttpclient.netty.request.NettyRequestSender - Using pooled Channel '[id: 0xee7d4684, L:/127.0.0.1:59971 - R:localhost/127.0.0.1:58509]' for 'POST' to 'http://localhost:58509/session/566657fccef467be2dbfb2d8d7b8db24/element/df154586-ba2f-454a-a140-db96d5f59aa3/value'
15:38:19.234 [Forwarding sendKeysToElement on session 566657fccef467be2dbfb2d8d7b8db24 to remote] DEBUG org.asynchttpclient.netty.request.NettyRequestSender - Using open Channel [id: 0xee7d4684, L:/127.0.0.1:59971 - R:localhost/127.0.0.1:58509] for POST '/session/566657fccef467be2dbfb2d8d7b8db24/element/df154586-ba2f-454a-a140-db96d5f59aa3/value'
15:38:19.275 [AsyncHttpClient-1-2] DEBUG org.asynchttpclient.netty.handler.HttpHandler - 

Request DefaultHttpRequest(decodeResult: success, version: HTTP/1.1)
POST /session/566657fccef467be2dbfb2d8d7b8db24/element/df154586-ba2f-454a-a140-db96d5f59aa3/value HTTP/1.1
User-Agent: selenium/4.1.4 (java windows)
Content-Length: 131
Content-Type: application/json; charset=utf-8
host: localhost:58509
accept: */*

Response DefaultHttpResponse(decodeResult: success, version: HTTP/1.1)
HTTP/1.1 200 OK
Content-Type: application/json; charset=utf-8
cache-control: no-cache
content-length: 14

15:38:19.275 [AsyncHttpClient-1-2] DEBUG org.asynchttpclient.netty.channel.ChannelManager - Adding key: http://localhost:58509 for channel [id: 0xee7d4684, L:/127.0.0.1:59971 - R:localhost/127.0.0.1:58509]
15:38:19.299 [Forwarding screenshot on session 566657fccef467be2dbfb2d8d7b8db24 to remote] DEBUG org.asynchttpclient.netty.request.NettyRequestSender - Using pooled Channel '[id: 0xee7d4684, L:/127.0.0.1:59971 - R:localhost/127.0.0.1:58509]' for 'GET' to 'http://localhost:58509/session/566657fccef467be2dbfb2d8d7b8db24/screenshot'
15:38:19.299 [Forwarding screenshot on session 566657fccef467be2dbfb2d8d7b8db24 to remote] DEBUG org.asynchttpclient.netty.request.NettyRequestSender - Using open Channel [id: 0xee7d4684, L:/127.0.0.1:59971 - R:localhost/127.0.0.1:58509] for GET '/session/566657fccef467be2dbfb2d8d7b8db24/screenshot'
15:38:19.445 [AsyncHttpClient-1-2] DEBUG org.asynchttpclient.netty.handler.HttpHandler - 

Request DefaultFullHttpRequest(decodeResult: success, version: HTTP/1.1, content: EmptyByteBufBE)
GET /session/566657fccef467be2dbfb2d8d7b8db24/screenshot HTTP/1.1
User-Agent: selenium/4.1.4 (java windows)
Cache-Control: no-cache
Content-Type: application/json; charset=utf-8
host: localhost:58509
accept: */*

Response DefaultHttpResponse(decodeResult: success, version: HTTP/1.1)
HTTP/1.1 200 OK
Content-Type: application/json; charset=utf-8
cache-control: no-cache
content-length: 30196

15:38:19.446 [AsyncHttpClient-1-2] DEBUG org.asynchttpclient.netty.channel.ChannelManager - Adding key: http://localhost:58509 for channel [id: 0xee7d4684, L:/127.0.0.1:59971 - R:localhost/127.0.0.1:58509]
15:38:19.448 [Test worker] DEBUG net.serenitybdd.core.photography.Darkroom - Send negative for processing for C:\Users\Administrador\Documents\Choucair\Choucair\ChoucairAutomation\target\site\serenity\1b743f34dbd3df72115cd1046514fea13f1be4f0f58dd8f2bebdd3f3353a626e.png
15:38:19.449 [Darkroom Processing Line] DEBUG net.serenitybdd.core.photography.DarkroomProcessingLine - Processing screenshot image in /var/screenshots/screenshot-9072457642795704167
15:38:19.449 [Darkroom Processing Line] DEBUG net.serenitybdd.core.photography.DarkroomProcessingLine - Saving screenshot to C:\Users\Administrador\Documents\Choucair\Choucair\ChoucairAutomation\target\site\serenity\1b743f34dbd3df72115cd1046514fea13f1be4f0f58dd8f2bebdd3f3353a626e.png
15:38:19.476 [Test worker] DEBUG net.thucydides.core.steps.StepInterceptor - STEP DONE: {0} enters #theTextAsAString into #target
15:38:19.513 [Forwarding screenshot on session 566657fccef467be2dbfb2d8d7b8db24 to remote] DEBUG org.asynchttpclient.netty.request.NettyRequestSender - Using pooled Channel '[id: 0xee7d4684, L:/127.0.0.1:59971 - R:localhost/127.0.0.1:58509]' for 'GET' to 'http://localhost:58509/session/566657fccef467be2dbfb2d8d7b8db24/screenshot'
15:38:19.513 [Forwarding screenshot on session 566657fccef467be2dbfb2d8d7b8db24 to remote] DEBUG org.asynchttpclient.netty.request.NettyRequestSender - Using open Channel [id: 0xee7d4684, L:/127.0.0.1:59971 - R:localhost/127.0.0.1:58509] for GET '/session/566657fccef467be2dbfb2d8d7b8db24/screenshot'
15:38:19.646 [AsyncHttpClient-1-2] DEBUG org.asynchttpclient.netty.handler.HttpHandler - 

Request DefaultFullHttpRequest(decodeResult: success, version: HTTP/1.1, content: EmptyByteBufBE)
GET /session/566657fccef467be2dbfb2d8d7b8db24/screenshot HTTP/1.1
User-Agent: selenium/4.1.4 (java windows)
Cache-Control: no-cache
Content-Type: application/json; charset=utf-8
host: localhost:58509
accept: */*

Response DefaultHttpResponse(decodeResult: success, version: HTTP/1.1)
HTTP/1.1 200 OK
Content-Type: application/json; charset=utf-8
cache-control: no-cache
content-length: 30404

15:38:19.647 [AsyncHttpClient-1-2] DEBUG org.asynchttpclient.netty.channel.ChannelManager - Adding key: http://localhost:58509 for channel [id: 0xee7d4684, L:/127.0.0.1:59971 - R:localhost/127.0.0.1:58509]
15:38:19.650 [Test worker] DEBUG net.serenitybdd.core.photography.Darkroom - Send negative for processing for C:\Users\Administrador\Documents\Choucair\Choucair\ChoucairAutomation\target\site\serenity\92085e7a4da5b81d7a7bd58d9acb0d56015e513333b9cf3e183cfd16c4ac3b85.png
15:38:19.650 [Darkroom Processing Line] DEBUG net.serenitybdd.core.photography.DarkroomProcessingLine - Processing screenshot image in /var/screenshots/screenshot-14051155852099223335
15:38:19.650 [Test worker] DEBUG net.thucydides.core.steps.StepInterceptor - STARTING STEP: LoginWith.performAs - {0} enters #theTextAsAString into #target
15:38:19.650 [Darkroom Processing Line] DEBUG net.serenitybdd.core.photography.DarkroomProcessingLine - Saving screenshot to C:\Users\Administrador\Documents\Choucair\Choucair\ChoucairAutomation\target\site\serenity\92085e7a4da5b81d7a7bd58d9acb0d56015e513333b9cf3e183cfd16c4ac3b85.png
15:38:19.669 [Test worker] DEBUG net.serenitybdd.screenplay.targets.IFrameSwitcher - default content already selected for password txt
[...]
15:39:25.775 [Forwarding isElementDisplayed on session 566657fccef467be2dbfb2d8d7b8db24 to remote] DEBUG org.asynchttpclient.netty.request.NettyRequestSender - Using open Channel [id: 0xee7d4684, L:/127.0.0.1:59971 - R:localhost/127.0.0.1:58509] for POST '/session/566657fccef467be2dbfb2d8d7b8db24/execute/sync'
15:39:25.783 [AsyncHttpClient-1-2] DEBUG org.asynchttpclient.netty.handler.HttpHandler - 

Request DefaultHttpRequest(decodeResult: success, version: HTTP/1.1)
POST /session/566657fccef467be2dbfb2d8d7b8db24/execute/sync HTTP/1.1
User-Agent: selenium/4.1.4 (java windows)
Content-Length: 48780
Content-Type: application/json; charset=utf-8
host: localhost:58509
accept: */*

Response DefaultHttpResponse(decodeResult: success, version: HTTP/1.1)
HTTP/1.1 200 OK
Content-Type: application/json; charset=utf-8
cache-control: no-cache
content-length: 15

15:39:25.783 [AsyncHttpClient-1-2] DEBUG org.asynchttpclient.netty.channel.ChannelManager - Adding key: http://localhost:58509 for channel [id: 0xee7d4684, L:/127.0.0.1:59971 - R:localhost/127.0.0.1:58509]
15:39:25.826 [AsyncHttpClient-1-1] DEBUG org.asynchttpclient.netty.channel.DefaultChannelPool - Entry count for : http://localhost:58509 : 1
15:39:25.864 [Forwarding findElements on session 566657fccef467be2dbfb2d8d7b8db24 to remote] DEBUG org.asynchttpclient.netty.request.NettyRequestSender - Using pooled Channel '[id: 0xee7d4684, L:/127.0.0.1:59971 - R:localhost/127.0.0.1:58509]' for 'POST' to 'http://localhost:58509/session/566657fccef467be2dbfb2d8d7b8db24/elements'
15:39:25.864 [Forwarding findElements on session 566657fccef467be2dbfb2d8d7b8db24 to remote] DEBUG org.asynchttpclient.netty.request.NettyRequestSender - Using open Channel [id: 0xee7d4684, L:/127.0.0.1:59971 - R:localhost/127.0.0.1:58509] for POST '/session/566657fccef467be2dbfb2d8d7b8db24/elements'
15:39:25.871 [AsyncHttpClient-1-2] DEBUG org.asynchttpclient.netty.handler.HttpHandler - 

Request DefaultHttpRequest(decodeResult: success, version: HTTP/1.1)
POST /session/566657fccef467be2dbfb2d8d7b8db24/elements HTTP/1.1
User-Agent: selenium/4.1.4 (java windows)
Content-Length: 203
Content-Type: application/json; charset=utf-8
host: localhost:58509
accept: */*

Response DefaultHttpResponse(decodeResult: success, version: HTTP/1.1)
HTTP/1.1 200 OK
Content-Type: application/json; charset=utf-8
cache-control: no-cache
content-length: 248

15:39:25.871 [AsyncHttpClient-1-2] DEBUG org.asynchttpclient.netty.channel.ChannelManager - Adding key: http://localhost:58509 for channel [id: 0xee7d4684, L:/127.0.0.1:59971 - R:localhost/127.0.0.1:58509]
15:39:25.875 [Forwarding isElementDisplayed on session 566657fccef467be2dbfb2d8d7b8db24 to remote] DEBUG org.asynchttpclient.netty.request.NettyRequestSender - Using pooled Channel '[id: 0xee7d4684, L:/127.0.0.1:59971 - R:localhost/127.0.0.1:58509]' for 'POST' to 'http://localhost:58509/session/566657fccef467be2dbfb2d8d7b8db24/execute/sync'
15:39:25.875 [Forwarding isElementDisplayed on session 566657fccef467be2dbfb2d8d7b8db24 to remote] DEBUG org.asynchttpclient.netty.request.NettyRequestSender - Using open Channel [id: 0xee7d4684, L:/127.0.0.1:59971 - R:localhost/127.0.0.1:58509] for POST '/session/566657fccef467be2dbfb2d8d7b8db24/execute/sync'
15:39:25.967 [AsyncHttpClient-1-2] DEBUG org.asynchttpclient.netty.handler.HttpHandler - 

Request DefaultHttpRequest(decodeResult: success, version: HTTP/1.1)
POST /session/566657fccef467be2dbfb2d8d7b8db24/execute/sync HTTP/1.1
User-Agent: selenium/4.1.4 (java windows)
Content-Length: 48780
Content-Type: application/json; charset=utf-8
host: localhost:58509
accept: */*

Response DefaultHttpResponse(decodeResult: success, version: HTTP/1.1)
HTTP/1.1 200 OK
Content-Type: application/json; charset=utf-8
cache-control: no-cache
content-length: 14

15:39:25.967 [AsyncHttpClient-1-2] DEBUG org.asynchttpclient.netty.channel.ChannelManager - Adding key: http://localhost:58509 for channel [id: 0xee7d4684, L:/127.0.0.1:59971 - R:localhost/127.0.0.1:58509]
15:39:25.981 [Forwarding findElements on session 566657fccef467be2dbfb2d8d7b8db24 to remote] DEBUG org.asynchttpclient.netty.request.NettyRequestSender - Using pooled Channel '[id: 0xee7d4684, L:/127.0.0.1:59971 - R:localhost/127.0.0.1:58509]' for 'POST' to 'http://localhost:58509/session/566657fccef467be2dbfb2d8d7b8db24/elements'
15:39:25.981 [Forwarding findElements on session 566657fccef467be2dbfb2d8d7b8db24 to remote] DEBUG org.asynchttpclient.netty.request.NettyRequestSender - Using open Channel [id: 0xee7d4684, L:/127.0.0.1:59971 - R:localhost/127.0.0.1:58509] for POST '/session/566657fccef467be2dbfb2d8d7b8db24/elements'
15:39:25.987 [AsyncHttpClient-1-2] DEBUG org.asynchttpclient.netty.handler.HttpHandler - 

Request DefaultHttpRequest(decodeResult: success, version: HTTP/1.1)
POST /session/566657fccef467be2dbfb2d8d7b8db24/elements HTTP/1.1
User-Agent: selenium/4.1.4 (java windows)
Content-Length: 203
Content-Type: application/json; charset=utf-8
host: localhost:58509
accept: */*

Response DefaultHttpResponse(decodeResult: success, version: HTTP/1.1)
HTTP/1.1 200 OK
Content-Type: application/json; charset=utf-8
cache-control: no-cache
content-length: 248

15:39:25.988 [AsyncHttpClient-1-2] DEBUG org.asynchttpclient.netty.channel.ChannelManager - Adding key: http://localhost:58509 for channel [id: 0xee7d4684, L:/127.0.0.1:59971 - R:localhost/127.0.0.1:58509]
15:39:25.989 [Forwarding setTimeout on session 566657fccef467be2dbfb2d8d7b8db24 to remote] DEBUG org.asynchttpclient.netty.request.NettyRequestSender - Using pooled Channel '[id: 0xee7d4684, L:/127.0.0.1:59971 - R:localhost/127.0.0.1:58509]' for 'POST' to 'http://localhost:58509/session/566657fccef467be2dbfb2d8d7b8db24/timeouts'
15:39:25.989 [Forwarding setTimeout on session 566657fccef467be2dbfb2d8d7b8db24 to remote] DEBUG org.asynchttpclient.netty.request.NettyRequestSender - Using open Channel [id: 0xee7d4684, L:/127.0.0.1:59971 - R:localhost/127.0.0.1:58509] for POST '/session/566657fccef467be2dbfb2d8d7b8db24/timeouts'
15:39:25.990 [AsyncHttpClient-1-2] DEBUG org.asynchttpclient.netty.handler.HttpHandler - 

Request DefaultHttpRequest(decodeResult: success, version: HTTP/1.1)
POST /session/566657fccef467be2dbfb2d8d7b8db24/timeouts HTTP/1.1
User-Agent: selenium/4.1.4 (java windows)
Content-Length: 23
Content-Type: application/json; charset=utf-8
host: localhost:58509
accept: */*

Response DefaultHttpResponse(decodeResult: success, version: HTTP/1.1)
HTTP/1.1 200 OK
Content-Type: application/json; charset=utf-8
cache-control: no-cache
content-length: 14

15:39:25.990 [AsyncHttpClient-1-2] DEBUG org.asynchttpclient.netty.channel.ChannelManager - Adding key: http://localhost:58509 for channel [id: 0xee7d4684, L:/127.0.0.1:59971 - R:localhost/127.0.0.1:58509]
15:39:26.016 [Forwarding isElementDisplayed on session 566657fccef467be2dbfb2d8d7b8db24 to remote] DEBUG org.asynchttpclient.netty.request.NettyRequestSender - Using pooled Channel '[id: 0xee7d4684, L:/127.0.0.1:59971 - R:localhost/127.0.0.1:58509]' for 'POST' to 'http://localhost:58509/session/566657fccef467be2dbfb2d8d7b8db24/execute/sync'
15:39:26.016 [Forwarding isElementDisplayed on session 566657fccef467be2dbfb2d8d7b8db24 to remote] DEBUG org.asynchttpclient.netty.request.NettyRequestSender - Using open Channel [id: 0xee7d4684, L:/127.0.0.1:59971 - R:localhost/127.0.0.1:58509] for POST '/session/566657fccef467be2dbfb2d8d7b8db24/execute/sync'
15:39:26.023 [AsyncHttpClient-1-2] DEBUG org.asynchttpclient.netty.handler.HttpHandler - 

Request DefaultHttpRequest(decodeResult: success, version: HTTP/1.1)
POST /session/566657fccef467be2dbfb2d8d7b8db24/execute/sync HTTP/1.1
User-Agent: selenium/4.1.4 (java windows)
Content-Length: 48780
Content-Type: application/json; charset=utf-8
host: localhost:58509
accept: */*

Response DefaultHttpResponse(decodeResult: success, version: HTTP/1.1)
HTTP/1.1 200 OK
Content-Type: application/json; charset=utf-8
cache-control: no-cache
content-length: 14

15:39:26.023 [AsyncHttpClient-1-2] DEBUG org.asynchttpclient.netty.channel.ChannelManager - Adding key: http://localhost:58509 for channel [id: 0xee7d4684, L:/127.0.0.1:59971 - R:localhost/127.0.0.1:58509]
15:39:26.026 [Forwarding isElementDisplayed on session 566657fccef467be2dbfb2d8d7b8db24 to remote] DEBUG org.asynchttpclient.netty.request.NettyRequestSender - Using pooled Channel '[id: 0xee7d4684, L:/127.0.0.1:59971 - R:localhost/127.0.0.1:58509]' for 'POST' to 'http://localhost:58509/session/566657fccef467be2dbfb2d8d7b8db24/execute/sync'
15:39:26.026 [Forwarding isElementDisplayed on session 566657fccef467be2dbfb2d8d7b8db24 to remote] DEBUG org.asynchttpclient.netty.request.NettyRequestSender - Using open Channel [id: 0xee7d4684, L:/127.0.0.1:59971 - R:localhost/127.0.0.1:58509] for POST '/session/566657fccef467be2dbfb2d8d7b8db24/execute/sync'
15:39:26.032 [AsyncHttpClient-1-2] DEBUG org.asynchttpclient.netty.handler.HttpHandler - 

Request DefaultHttpRequest(decodeResult: success, version: HTTP/1.1)
POST /session/566657fccef467be2dbfb2d8d7b8db24/execute/sync HTTP/1.1
User-Agent: selenium/4.1.4 (java windows)
Content-Length: 48780
Content-Type: application/json; charset=utf-8
host: localhost:58509
accept: */*

Response DefaultHttpResponse(decodeResult: success, version: HTTP/1.1)
HTTP/1.1 200 OK
Content-Type: application/json; charset=utf-8
cache-control: no-cache
content-length: 14

15:39:26.032 [AsyncHttpClient-1-2] DEBUG org.asynchttpclient.netty.channel.ChannelManager - Adding key: http://localhost:58509 for channel [id: 0xee7d4684, L:/127.0.0.1:59971 - R:localhost/127.0.0.1:58509]
15:39:26.043 [Forwarding screenshot on session 566657fccef467be2dbfb2d8d7b8db24 to remote] DEBUG org.asynchttpclient.netty.request.NettyRequestSender - Using pooled Channel '[id: 0xee7d4684, L:/127.0.0.1:59971 - R:localhost/127.0.0.1:58509]' for 'GET' to 'http://localhost:58509/session/566657fccef467be2dbfb2d8d7b8db24/screenshot'
15:39:26.044 [Forwarding screenshot on session 566657fccef467be2dbfb2d8d7b8db24 to remote] DEBUG org.asynchttpclient.netty.request.NettyRequestSender - Using open Channel [id: 0xee7d4684, L:/127.0.0.1:59971 - R:localhost/127.0.0.1:58509] for GET '/session/566657fccef467be2dbfb2d8d7b8db24/screenshot'
15:39:26.307 [AsyncHttpClient-1-2] DEBUG org.asynchttpclient.netty.handler.HttpHandler - 

Request DefaultFullHttpRequest(decodeResult: success, version: HTTP/1.1, content: EmptyByteBufBE)
GET /session/566657fccef467be2dbfb2d8d7b8db24/screenshot HTTP/1.1
User-Agent: selenium/4.1.4 (java windows)
Cache-Control: no-cache
Content-Type: application/json; charset=utf-8
host: localhost:58509
accept: */*

Response DefaultHttpResponse(decodeResult: success, version: HTTP/1.1)
HTTP/1.1 200 OK
Content-Type: application/json; charset=utf-8
cache-control: no-cache
content-length: 171880

15:39:26.308 [AsyncHttpClient-1-2] DEBUG org.asynchttpclient.netty.channel.ChannelManager - Adding key: http://localhost:58509 for channel [id: 0xee7d4684, L:/127.0.0.1:59971 - R:localhost/127.0.0.1:58509]
15:39:26.312 [Test worker] DEBUG net.serenitybdd.core.photography.Darkroom - Send negative for processing for C:\Users\Administrador\Documents\Choucair\Choucair\ChoucairAutomation\target\site\serenity\e90f7ebab5004777c41053a06c01003ab87a47c929475f986136d1bb7f0a339f.png
15:39:26.312 [Darkroom Processing Line] DEBUG net.serenitybdd.core.photography.DarkroomProcessingLine - Processing screenshot image in /var/screenshots/screenshot-5345128669707736954
15:39:26.312 [Darkroom Processing Line] DEBUG net.serenitybdd.core.photography.DarkroomProcessingLine - Saving screenshot to C:\Users\Administrador\Documents\Choucair\Choucair\ChoucairAutomation\target\site\serenity\e90f7ebab5004777c41053a06c01003ab87a47c929475f986136d1bb7f0a339f.png
15:39:26.325 [Test worker] INFO  - 
  _____   ___   ___   _____     ___     _     ___   ___   ___   ___  
 |_   _| | __| / __| |_   _|   | _ \   /_\   / __| / __| | __| |   \ 
   | |   | _|  \__ \   | |     |  _/  / _ \  \__ \ \__ \ | _|  | |) |
   |_|   |___| |___/   |_|     |_|   /_/ \_\ |___/ |___/ |___| |___/ 

Should meeting and organization be created when submit the complete registration data
----------------------------------------------------------------------
15:39:26.345 [Test worker] DEBUG net.thucydides.core.requirements.PackageRequirementsTagProvider - Loading requirements from package requirements at: com.choucair.features
15:39:26.485 [Driver Command Executor] DEBUG org.asynchttpclient.netty.request.NettyRequestSender - Using pooled Channel '[id: 0xee7d4684, L:/127.0.0.1:59971 - R:localhost/127.0.0.1:58509]' for 'DELETE' to 'http://localhost:58509/session/566657fccef467be2dbfb2d8d7b8db24'
15:39:26.485 [Driver Command Executor] DEBUG org.asynchttpclient.netty.request.NettyRequestSender - Using open Channel [id: 0xee7d4684, L:/127.0.0.1:59971 - R:localhost/127.0.0.1:58509] for DELETE '/session/566657fccef467be2dbfb2d8d7b8db24'
15:39:26.486 [AsyncHttpClient-1-4] DEBUG org.asynchttpclient.netty.handler.WebSocketHandler - Channel Closed: [id: 0x146a9213, L:/127.0.0.1:59980 ! R:localhost/127.0.0.1:59972] with attribute NettyResponseFuture{currentRetry=5,
	isDone=1,
	isCancelled=0,
	asyncHandler=org.asynchttpclient.ws.WebSocketUpgradeHandler@21100721,
	nettyRequest=org.asynchttpclient.netty.request.NettyRequest@6edcf02b,
	future=java.util.concurrent.CompletableFuture@509a42e9[Completed normally],
	uri=ws://localhost:59972/devtools/browser/373be6e0-a3fe-4d70-b26d-86339de9ceb7,
	keepAlive=true,
	redirectCount=0,
	timeoutsHolder=null,
	inAuth=0,
	touch=1664570282684}
15:39:26.486 [AsyncHttpClient-1-4] DEBUG org.asynchttpclient.netty.channel.ChannelManager - Closing Channel [id: 0x146a9213, L:/127.0.0.1:59980 ! R:localhost/127.0.0.1:59972] 
15:39:26.518 [AsyncHttpClient-1-2] DEBUG org.asynchttpclient.netty.handler.HttpHandler - 

Request DefaultFullHttpRequest(decodeResult: success, version: HTTP/1.1, content: EmptyByteBufBE)
DELETE /session/566657fccef467be2dbfb2d8d7b8db24 HTTP/1.1
User-Agent: selenium/4.1.4 (java windows)
Content-Type: application/json; charset=utf-8
host: localhost:58509
accept: */*

Response DefaultHttpResponse(decodeResult: success, version: HTTP/1.1)
HTTP/1.1 200 OK
Content-Type: application/json; charset=utf-8
cache-control: no-cache
content-length: 14

15:39:26.518 [AsyncHttpClient-1-2] DEBUG org.asynchttpclient.netty.channel.ChannelManager - Adding key: http://localhost:58509 for channel [id: 0xee7d4684, L:/127.0.0.1:59971 - R:localhost/127.0.0.1:58509]
15:39:26.551 [AsyncHttpClient-1-2] DEBUG org.asynchttpclient.netty.handler.HttpHandler - Channel Closed: [id: 0xee7d4684, L:/127.0.0.1:59971 ! R:localhost/127.0.0.1:58509] with attribute DISCARD
15:39:26.929 [AsyncHttpClient-1-1] DEBUG org.asynchttpclient.netty.channel.DefaultChannelPool - Entry count for : http://localhost:58509 : 1
15:39:26.929 [AsyncHttpClient-1-1] DEBUG org.asynchttpclient.netty.channel.DefaultChannelPool - Adding Candidate expired Channel [id: 0xee7d4684, L:/127.0.0.1:59971 ! R:localhost/127.0.0.1:58509] isIdleTimeoutExpired=false isRemotelyClosed=true isTtlExpired=false
15:39:26.929 [AsyncHttpClient-1-1] DEBUG org.asynchttpclient.netty.channel.DefaultChannelPool - Closing Idle Channel [id: 0xee7d4684, L:/127.0.0.1:59971 ! R:localhost/127.0.0.1:58509]
15:39:26.930 [AsyncHttpClient-1-1] DEBUG org.asynchttpclient.netty.channel.DefaultChannelPool - Closed 1 connections out of 1 in 1 ms
15:39:27.077 [Test worker] DEBUG net.serenitybdd.core.photography.Darkroom - Closing darkroom
15:39:27.077 [Darkroom Processing Line] DEBUG net.serenitybdd.core.photography.DarkroomProcessingLine - Darkroom processing line shutting down
15:39:27.090 [Test worker] DEBUG net.thucydides.core.reports.ReportService - Reporting formats: [JSON, HTML]
15:39:27.222 [Test worker] DEBUG net.thucydides.core.reports.ReportService - Reporting formats: [JSON, HTML]
15:39:27.229 [Test worker] DEBUG net.thucydides.core.reports.ReportService - Generating reports for 1 test outcomes using: net.thucydides.core.reports.json.JSONTestOutcomeReporter@52f3721a
15:39:27.230 [pool-1-thread-1] DEBUG net.thucydides.core.reports.ReportService - Processing test outcome Start sharp:should_MeetingAndOrganizationBeCreated_When_SubmitTheCompleteRegistrationData
15:39:27.230 [pool-1-thread-1] DEBUG net.thucydides.core.reports.ReportService - net.thucydides.core.reports.json.JSONTestOutcomeReporter@52f3721a: Generating report for test outcome: Start sharp:should_MeetingAndOrganizationBeCreated_When_SubmitTheCompleteRegistrationData
15:39:27.234 [pool-1-thread-1] DEBUG net.thucydides.core.reports.json.JSONTestOutcomeReporter - Generating JSON report for Should meeting and organization be created when submit the complete registration data to file C:\Users\Administrador\Documents\Choucair\Choucair\ChoucairAutomation\target\site\serenity\40ee4e50436d2bffa6416511586709f28ffc1b9e6b3623d9d549f07fb769f2ab.json (using temp file C:\Users\Administrador\Documents\Choucair\Choucair\ChoucairAutomation\target\site\serenity\40ee4e50436d2bffa6416511586709f28ffc1b9e6b3623d9d549f07fb769f2ab.jsonf06d26e0-a45c-4f9c-862f-4a73ae8e9b98)
15:39:27.265 [pool-1-thread-1] DEBUG net.thucydides.core.reports.ReportService - Processing test outcome Start sharp:should_MeetingAndOrganizationBeCreated_When_SubmitTheCompleteRegistrationData done
15:39:27.265 [Test worker] DEBUG net.thucydides.core.reports.ReportService - Shutting down executor service
15:39:27.265 [Test worker] DEBUG net.thucydides.core.reports.ReportService - Reports generated in: 36 ms
15:39:27.265 [Test worker] DEBUG net.thucydides.core.reports.ReportService - Generating reports for 1 test outcomes using: net.thucydides.core.reports.html.HtmlAcceptanceTestReporter@117f98f5
15:39:27.265 [pool-2-thread-1] DEBUG net.thucydides.core.reports.ReportService - Processing test outcome Start sharp:should_MeetingAndOrganizationBeCreated_When_SubmitTheCompleteRegistrationData
15:39:27.266 [pool-2-thread-1] DEBUG net.thucydides.core.reports.ReportService - net.thucydides.core.reports.html.HtmlAcceptanceTestReporter@117f98f5: Generating report for test outcome: Start sharp:should_MeetingAndOrganizationBeCreated_When_SubmitTheCompleteRegistrationData
15:39:27.273 [pool-2-thread-1] DEBUG net.thucydides.core.requirements.PackageRequirementsTagProvider - Loading requirements from package requirements at: com.choucair.features
15:39:30.774 [pool-2-thread-1] DEBUG net.thucydides.core.reports.ReportService - Processing test outcome Start sharp:should_MeetingAndOrganizationBeCreated_When_SubmitTheCompleteRegistrationData done
15:39:30.774 [Test worker] DEBUG net.thucydides.core.reports.ReportService - Shutting down executor service
15:39:30.774 [Test worker] DEBUG net.thucydides.core.reports.ReportService - Reports generated in: 3509 ms
15:39:30.856 [Test worker] DEBUG net.thucydides.core.reports.ReportService - Generating report for configuration
]]></system-out>
  <system-err><![CDATA[ERROR StatusLogger Log4j2 could not find a logging implementation. Please add log4j-core to the classpath. Using SimpleLogger to log to the console...
Starting ChromeDriver 105.0.5195.52 (412c95e518836d8a7d97250d62b29c2ae6a26a85-refs/branch-heads/5195@{#853}) on port 58509
Only local connections are allowed.
Please see https://chromedriver.chromium.org/security-considerations for suggestions on keeping ChromeDriver safe.
ChromeDriver was started successfully.
sept. 30, 2022 3:38:02 P. M. org.openqa.selenium.remote.ProtocolHandshake createSession
INFO: Detected dialect: W3C
sept. 30, 2022 3:38:02 P. M. org.openqa.selenium.devtools.CdpVersionFinder findNearestMatch
WARNING: Unable to find an exact match for CDP version 105, so returning the closest version found: 101
sept. 30, 2022 3:38:02 P. M. org.openqa.selenium.devtools.CdpVersionFinder findNearestMatch
INFO: Found CDP implementation for version 105 of 101
]]></system-err>
</testsuite>
